<?xml version="1.0" encoding="UTF-8"?>
<!-- Generated by org.testng.reporters.JUnitReportReporter -->
<testsuite hostname="IN-PF41T3RC" failures="0" tests="202" name="src.in.valtech.cl.scenarios.TC_Scenario_08" time="0.024" errors="202" timestamp="5 Oct 2023 12:06:37 GMT">
  <testcase classname="src.in.valtech.cl.scenarios.TC_Scenario_08" name="step22_VerifyRegisteredSuccessMsgTxt" time="0.000">
    <error message="Workbook is not found - D:\ChristianLouboutin/resources/front/Automation_DS_StagingEnv1.xlsx" type="com.codoid.products.exception.FilloException">
      <![CDATA[com.codoid.products.exception.FilloException: Workbook is not found - D:\ChristianLouboutin/resources/front/Automation_DS_StagingEnv1.xlsx
	at com.codoid.products.fillo.Fillo.getConnection(Fillo.java:46)
	at src.in.valtech.util.ExcelReader.getDataConfigDetails(ExcelReader.java:200)
	at src.in.valtech.custom.CustomFun.getTestDataSetDetails(CustomFun.java:1869)
	at src.in.valtech.config.BaseTest.setUp(BaseTest.java:166)
	at java.base/jdk.internal.reflect.NativeMethodAccessorImpl.invoke0(Native Method)
	at java.base/jdk.internal.reflect.NativeMethodAccessorImpl.invoke(NativeMethodAccessorImpl.java:77)
	at java.base/jdk.internal.reflect.DelegatingMethodAccessorImpl.invoke(DelegatingMethodAccessorImpl.java:43)
	at java.base/java.lang.reflect.Method.invoke(Method.java:568)
	at org.testng.internal.MethodInvocationHelper.invokeMethod(MethodInvocationHelper.java:85)
	at org.testng.internal.Invoker.invokeConfigurationMethod(Invoker.java:510)
	at org.testng.internal.Invoker.invokeConfigurations(Invoker.java:211)
	at org.testng.internal.Invoker.invokeConfigurations(Invoker.java:138)
	at org.testng.TestRunner.beforeRun(TestRunner.java:648)
	at org.testng.TestRunner.run(TestRunner.java:616)
	at org.testng.SuiteRunner.runTest(SuiteRunner.java:359)
	at org.testng.SuiteRunner.access$000(SuiteRunner.java:39)
	at org.testng.SuiteRunner$SuiteWorker.run(SuiteRunner.java:393)
	at org.testng.internal.thread.ThreadUtil$2.call(ThreadUtil.java:64)
	at java.base/java.util.concurrent.FutureTask.run(FutureTask.java:264)
	at java.base/java.util.concurrent.ThreadPoolExecutor.runWorker(ThreadPoolExecutor.java:1136)
	at java.base/java.util.concurrent.ThreadPoolExecutor$Worker.run(ThreadPoolExecutor.java:635)
	at java.base/java.lang.Thread.run(Thread.java:833)
]]>
    </error>
  </testcase> <!-- step22_VerifyRegisteredSuccessMsgTxt -->
  <testcase classname="src.in.valtech.cl.scenarios.TC_Scenario_08" name="step78_ClickOnContinueToPayemntButton" time="0.000">
    <error message="Workbook is not found - D:\ChristianLouboutin/resources/front/Automation_DS_StagingEnv1.xlsx" type="com.codoid.products.exception.FilloException">
      <![CDATA[com.codoid.products.exception.FilloException: Workbook is not found - D:\ChristianLouboutin/resources/front/Automation_DS_StagingEnv1.xlsx
	at com.codoid.products.fillo.Fillo.getConnection(Fillo.java:46)
	at src.in.valtech.util.ExcelReader.getDataConfigDetails(ExcelReader.java:200)
	at src.in.valtech.custom.CustomFun.getTestDataSetDetails(CustomFun.java:1869)
	at src.in.valtech.config.BaseTest.setUp(BaseTest.java:166)
	at java.base/jdk.internal.reflect.NativeMethodAccessorImpl.invoke0(Native Method)
	at java.base/jdk.internal.reflect.NativeMethodAccessorImpl.invoke(NativeMethodAccessorImpl.java:77)
	at java.base/jdk.internal.reflect.DelegatingMethodAccessorImpl.invoke(DelegatingMethodAccessorImpl.java:43)
	at java.base/java.lang.reflect.Method.invoke(Method.java:568)
	at org.testng.internal.MethodInvocationHelper.invokeMethod(MethodInvocationHelper.java:85)
	at org.testng.internal.Invoker.invokeConfigurationMethod(Invoker.java:510)
	at org.testng.internal.Invoker.invokeConfigurations(Invoker.java:211)
	at org.testng.internal.Invoker.invokeConfigurations(Invoker.java:138)
	at org.testng.TestRunner.beforeRun(TestRunner.java:648)
	at org.testng.TestRunner.run(TestRunner.java:616)
	at org.testng.SuiteRunner.runTest(SuiteRunner.java:359)
	at org.testng.SuiteRunner.access$000(SuiteRunner.java:39)
	at org.testng.SuiteRunner$SuiteWorker.run(SuiteRunner.java:393)
	at org.testng.internal.thread.ThreadUtil$2.call(ThreadUtil.java:64)
	at java.base/java.util.concurrent.FutureTask.run(FutureTask.java:264)
	at java.base/java.util.concurrent.ThreadPoolExecutor.runWorker(ThreadPoolExecutor.java:1136)
	at java.base/java.util.concurrent.ThreadPoolExecutor$Worker.run(ThreadPoolExecutor.java:635)
	at java.base/java.lang.Thread.run(Thread.java:833)
]]>
    </error>
  </testcase> <!-- step78_ClickOnContinueToPayemntButton -->
  <testcase classname="src.in.valtech.cl.scenarios.TC_Scenario_08" name="step23_VerifyUserNameInMYAccount" time="0.000">
    <error message="Workbook is not found - D:\ChristianLouboutin/resources/front/Automation_DS_StagingEnv1.xlsx" type="com.codoid.products.exception.FilloException">
      <![CDATA[com.codoid.products.exception.FilloException: Workbook is not found - D:\ChristianLouboutin/resources/front/Automation_DS_StagingEnv1.xlsx
	at com.codoid.products.fillo.Fillo.getConnection(Fillo.java:46)
	at src.in.valtech.util.ExcelReader.getDataConfigDetails(ExcelReader.java:200)
	at src.in.valtech.custom.CustomFun.getTestDataSetDetails(CustomFun.java:1869)
	at src.in.valtech.config.BaseTest.setUp(BaseTest.java:166)
	at java.base/jdk.internal.reflect.NativeMethodAccessorImpl.invoke0(Native Method)
	at java.base/jdk.internal.reflect.NativeMethodAccessorImpl.invoke(NativeMethodAccessorImpl.java:77)
	at java.base/jdk.internal.reflect.DelegatingMethodAccessorImpl.invoke(DelegatingMethodAccessorImpl.java:43)
	at java.base/java.lang.reflect.Method.invoke(Method.java:568)
	at org.testng.internal.MethodInvocationHelper.invokeMethod(MethodInvocationHelper.java:85)
	at org.testng.internal.Invoker.invokeConfigurationMethod(Invoker.java:510)
	at org.testng.internal.Invoker.invokeConfigurations(Invoker.java:211)
	at org.testng.internal.Invoker.invokeConfigurations(Invoker.java:138)
	at org.testng.TestRunner.beforeRun(TestRunner.java:648)
	at org.testng.TestRunner.run(TestRunner.java:616)
	at org.testng.SuiteRunner.runTest(SuiteRunner.java:359)
	at org.testng.SuiteRunner.access$000(SuiteRunner.java:39)
	at org.testng.SuiteRunner$SuiteWorker.run(SuiteRunner.java:393)
	at org.testng.internal.thread.ThreadUtil$2.call(ThreadUtil.java:64)
	at java.base/java.util.concurrent.FutureTask.run(FutureTask.java:264)
	at java.base/java.util.concurrent.ThreadPoolExecutor.runWorker(ThreadPoolExecutor.java:1136)
	at java.base/java.util.concurrent.ThreadPoolExecutor$Worker.run(ThreadPoolExecutor.java:635)
	at java.base/java.lang.Thread.run(Thread.java:833)
]]>
    </error>
  </testcase> <!-- step23_VerifyUserNameInMYAccount -->
  <testcase classname="src.in.valtech.cl.scenarios.TC_Scenario_08" name="step138_NavigatedIntoAdyenAndClickOnPaymentTab" time="0.000">
    <error message="Workbook is not found - D:\ChristianLouboutin/resources/front/Automation_DS_StagingEnv1.xlsx" type="com.codoid.products.exception.FilloException">
      <![CDATA[com.codoid.products.exception.FilloException: Workbook is not found - D:\ChristianLouboutin/resources/front/Automation_DS_StagingEnv1.xlsx
	at com.codoid.products.fillo.Fillo.getConnection(Fillo.java:46)
	at src.in.valtech.util.ExcelReader.getDataConfigDetails(ExcelReader.java:200)
	at src.in.valtech.custom.CustomFun.getTestDataSetDetails(CustomFun.java:1869)
	at src.in.valtech.config.BaseTest.setUp(BaseTest.java:166)
	at java.base/jdk.internal.reflect.NativeMethodAccessorImpl.invoke0(Native Method)
	at java.base/jdk.internal.reflect.NativeMethodAccessorImpl.invoke(NativeMethodAccessorImpl.java:77)
	at java.base/jdk.internal.reflect.DelegatingMethodAccessorImpl.invoke(DelegatingMethodAccessorImpl.java:43)
	at java.base/java.lang.reflect.Method.invoke(Method.java:568)
	at org.testng.internal.MethodInvocationHelper.invokeMethod(MethodInvocationHelper.java:85)
	at org.testng.internal.Invoker.invokeConfigurationMethod(Invoker.java:510)
	at org.testng.internal.Invoker.invokeConfigurations(Invoker.java:211)
	at org.testng.internal.Invoker.invokeConfigurations(Invoker.java:138)
	at org.testng.TestRunner.beforeRun(TestRunner.java:648)
	at org.testng.TestRunner.run(TestRunner.java:616)
	at org.testng.SuiteRunner.runTest(SuiteRunner.java:359)
	at org.testng.SuiteRunner.access$000(SuiteRunner.java:39)
	at org.testng.SuiteRunner$SuiteWorker.run(SuiteRunner.java:393)
	at org.testng.internal.thread.ThreadUtil$2.call(ThreadUtil.java:64)
	at java.base/java.util.concurrent.FutureTask.run(FutureTask.java:264)
	at java.base/java.util.concurrent.ThreadPoolExecutor.runWorker(ThreadPoolExecutor.java:1136)
	at java.base/java.util.concurrent.ThreadPoolExecutor$Worker.run(ThreadPoolExecutor.java:635)
	at java.base/java.lang.Thread.run(Thread.java:833)
]]>
    </error>
  </testcase> <!-- step138_NavigatedIntoAdyenAndClickOnPaymentTab -->
  <testcase classname="src.in.valtech.cl.scenarios.TC_Scenario_08" name="step186_VerifySuccessMsgForCreateCreditMemo" time="0.000">
    <error message="Workbook is not found - D:\ChristianLouboutin/resources/front/Automation_DS_StagingEnv1.xlsx" type="com.codoid.products.exception.FilloException">
      <![CDATA[com.codoid.products.exception.FilloException: Workbook is not found - D:\ChristianLouboutin/resources/front/Automation_DS_StagingEnv1.xlsx
	at com.codoid.products.fillo.Fillo.getConnection(Fillo.java:46)
	at src.in.valtech.util.ExcelReader.getDataConfigDetails(ExcelReader.java:200)
	at src.in.valtech.custom.CustomFun.getTestDataSetDetails(CustomFun.java:1869)
	at src.in.valtech.config.BaseTest.setUp(BaseTest.java:166)
	at java.base/jdk.internal.reflect.NativeMethodAccessorImpl.invoke0(Native Method)
	at java.base/jdk.internal.reflect.NativeMethodAccessorImpl.invoke(NativeMethodAccessorImpl.java:77)
	at java.base/jdk.internal.reflect.DelegatingMethodAccessorImpl.invoke(DelegatingMethodAccessorImpl.java:43)
	at java.base/java.lang.reflect.Method.invoke(Method.java:568)
	at org.testng.internal.MethodInvocationHelper.invokeMethod(MethodInvocationHelper.java:85)
	at org.testng.internal.Invoker.invokeConfigurationMethod(Invoker.java:510)
	at org.testng.internal.Invoker.invokeConfigurations(Invoker.java:211)
	at org.testng.internal.Invoker.invokeConfigurations(Invoker.java:138)
	at org.testng.TestRunner.beforeRun(TestRunner.java:648)
	at org.testng.TestRunner.run(TestRunner.java:616)
	at org.testng.SuiteRunner.runTest(SuiteRunner.java:359)
	at org.testng.SuiteRunner.access$000(SuiteRunner.java:39)
	at org.testng.SuiteRunner$SuiteWorker.run(SuiteRunner.java:393)
	at org.testng.internal.thread.ThreadUtil$2.call(ThreadUtil.java:64)
	at java.base/java.util.concurrent.FutureTask.run(FutureTask.java:264)
	at java.base/java.util.concurrent.ThreadPoolExecutor.runWorker(ThreadPoolExecutor.java:1136)
	at java.base/java.util.concurrent.ThreadPoolExecutor$Worker.run(ThreadPoolExecutor.java:635)
	at java.base/java.lang.Thread.run(Thread.java:833)
]]>
    </error>
  </testcase> <!-- step186_VerifySuccessMsgForCreateCreditMemo -->
  <testcase classname="src.in.valtech.cl.scenarios.TC_Scenario_08" name="step19_EnterConfirmPasswordField" time="0.000">
    <error message="Workbook is not found - D:\ChristianLouboutin/resources/front/Automation_DS_StagingEnv1.xlsx" type="com.codoid.products.exception.FilloException">
      <![CDATA[com.codoid.products.exception.FilloException: Workbook is not found - D:\ChristianLouboutin/resources/front/Automation_DS_StagingEnv1.xlsx
	at com.codoid.products.fillo.Fillo.getConnection(Fillo.java:46)
	at src.in.valtech.util.ExcelReader.getDataConfigDetails(ExcelReader.java:200)
	at src.in.valtech.custom.CustomFun.getTestDataSetDetails(CustomFun.java:1869)
	at src.in.valtech.config.BaseTest.setUp(BaseTest.java:166)
	at java.base/jdk.internal.reflect.NativeMethodAccessorImpl.invoke0(Native Method)
	at java.base/jdk.internal.reflect.NativeMethodAccessorImpl.invoke(NativeMethodAccessorImpl.java:77)
	at java.base/jdk.internal.reflect.DelegatingMethodAccessorImpl.invoke(DelegatingMethodAccessorImpl.java:43)
	at java.base/java.lang.reflect.Method.invoke(Method.java:568)
	at org.testng.internal.MethodInvocationHelper.invokeMethod(MethodInvocationHelper.java:85)
	at org.testng.internal.Invoker.invokeConfigurationMethod(Invoker.java:510)
	at org.testng.internal.Invoker.invokeConfigurations(Invoker.java:211)
	at org.testng.internal.Invoker.invokeConfigurations(Invoker.java:138)
	at org.testng.TestRunner.beforeRun(TestRunner.java:648)
	at org.testng.TestRunner.run(TestRunner.java:616)
	at org.testng.SuiteRunner.runTest(SuiteRunner.java:359)
	at org.testng.SuiteRunner.access$000(SuiteRunner.java:39)
	at org.testng.SuiteRunner$SuiteWorker.run(SuiteRunner.java:393)
	at org.testng.internal.thread.ThreadUtil$2.call(ThreadUtil.java:64)
	at java.base/java.util.concurrent.FutureTask.run(FutureTask.java:264)
	at java.base/java.util.concurrent.ThreadPoolExecutor.runWorker(ThreadPoolExecutor.java:1136)
	at java.base/java.util.concurrent.ThreadPoolExecutor$Worker.run(ThreadPoolExecutor.java:635)
	at java.base/java.lang.Thread.run(Thread.java:833)
]]>
    </error>
  </testcase> <!-- step19_EnterConfirmPasswordField -->
  <testcase classname="src.in.valtech.cl.scenarios.TC_Scenario_08" name="step33_ClickOnInStoreAvailabilityButtonAndCloseOverlay" time="0.000">
    <error message="Workbook is not found - D:\ChristianLouboutin/resources/front/Automation_DS_StagingEnv1.xlsx" type="com.codoid.products.exception.FilloException">
      <![CDATA[com.codoid.products.exception.FilloException: Workbook is not found - D:\ChristianLouboutin/resources/front/Automation_DS_StagingEnv1.xlsx
	at com.codoid.products.fillo.Fillo.getConnection(Fillo.java:46)
	at src.in.valtech.util.ExcelReader.getDataConfigDetails(ExcelReader.java:200)
	at src.in.valtech.custom.CustomFun.getTestDataSetDetails(CustomFun.java:1869)
	at src.in.valtech.config.BaseTest.setUp(BaseTest.java:166)
	at java.base/jdk.internal.reflect.NativeMethodAccessorImpl.invoke0(Native Method)
	at java.base/jdk.internal.reflect.NativeMethodAccessorImpl.invoke(NativeMethodAccessorImpl.java:77)
	at java.base/jdk.internal.reflect.DelegatingMethodAccessorImpl.invoke(DelegatingMethodAccessorImpl.java:43)
	at java.base/java.lang.reflect.Method.invoke(Method.java:568)
	at org.testng.internal.MethodInvocationHelper.invokeMethod(MethodInvocationHelper.java:85)
	at org.testng.internal.Invoker.invokeConfigurationMethod(Invoker.java:510)
	at org.testng.internal.Invoker.invokeConfigurations(Invoker.java:211)
	at org.testng.internal.Invoker.invokeConfigurations(Invoker.java:138)
	at org.testng.TestRunner.beforeRun(TestRunner.java:648)
	at org.testng.TestRunner.run(TestRunner.java:616)
	at org.testng.SuiteRunner.runTest(SuiteRunner.java:359)
	at org.testng.SuiteRunner.access$000(SuiteRunner.java:39)
	at org.testng.SuiteRunner$SuiteWorker.run(SuiteRunner.java:393)
	at org.testng.internal.thread.ThreadUtil$2.call(ThreadUtil.java:64)
	at java.base/java.util.concurrent.FutureTask.run(FutureTask.java:264)
	at java.base/java.util.concurrent.ThreadPoolExecutor.runWorker(ThreadPoolExecutor.java:1136)
	at java.base/java.util.concurrent.ThreadPoolExecutor$Worker.run(ThreadPoolExecutor.java:635)
	at java.base/java.lang.Thread.run(Thread.java:833)
]]>
    </error>
  </testcase> <!-- step33_ClickOnInStoreAvailabilityButtonAndCloseOverlay -->
  <testcase classname="src.in.valtech.cl.scenarios.TC_Scenario_08" name="step56_EnterSearchableSKUAndClickOnSubmitFilter" time="0.001">
    <error message="Workbook is not found - D:\ChristianLouboutin/resources/front/Automation_DS_StagingEnv1.xlsx" type="com.codoid.products.exception.FilloException">
      <![CDATA[com.codoid.products.exception.FilloException: Workbook is not found - D:\ChristianLouboutin/resources/front/Automation_DS_StagingEnv1.xlsx
	at com.codoid.products.fillo.Fillo.getConnection(Fillo.java:46)
	at src.in.valtech.util.ExcelReader.getDataConfigDetails(ExcelReader.java:200)
	at src.in.valtech.custom.CustomFun.getTestDataSetDetails(CustomFun.java:1869)
	at src.in.valtech.config.BaseTest.setUp(BaseTest.java:166)
	at java.base/jdk.internal.reflect.NativeMethodAccessorImpl.invoke0(Native Method)
	at java.base/jdk.internal.reflect.NativeMethodAccessorImpl.invoke(NativeMethodAccessorImpl.java:77)
	at java.base/jdk.internal.reflect.DelegatingMethodAccessorImpl.invoke(DelegatingMethodAccessorImpl.java:43)
	at java.base/java.lang.reflect.Method.invoke(Method.java:568)
	at org.testng.internal.MethodInvocationHelper.invokeMethod(MethodInvocationHelper.java:85)
	at org.testng.internal.Invoker.invokeConfigurationMethod(Invoker.java:510)
	at org.testng.internal.Invoker.invokeConfigurations(Invoker.java:211)
	at org.testng.internal.Invoker.invokeConfigurations(Invoker.java:138)
	at org.testng.TestRunner.beforeRun(TestRunner.java:648)
	at org.testng.TestRunner.run(TestRunner.java:616)
	at org.testng.SuiteRunner.runTest(SuiteRunner.java:359)
	at org.testng.SuiteRunner.access$000(SuiteRunner.java:39)
	at org.testng.SuiteRunner$SuiteWorker.run(SuiteRunner.java:393)
	at org.testng.internal.thread.ThreadUtil$2.call(ThreadUtil.java:64)
	at java.base/java.util.concurrent.FutureTask.run(FutureTask.java:264)
	at java.base/java.util.concurrent.ThreadPoolExecutor.runWorker(ThreadPoolExecutor.java:1136)
	at java.base/java.util.concurrent.ThreadPoolExecutor$Worker.run(ThreadPoolExecutor.java:635)
	at java.base/java.lang.Thread.run(Thread.java:833)
]]>
    </error>
  </testcase> <!-- step56_EnterSearchableSKUAndClickOnSubmitFilter -->
  <testcase classname="src.in.valtech.cl.scenarios.TC_Scenario_08" name="step126_NavigatedIntoWMSAndClickOnPackingBtn" time="0.001">
    <error message="Workbook is not found - D:\ChristianLouboutin/resources/front/Automation_DS_StagingEnv1.xlsx" type="com.codoid.products.exception.FilloException">
      <![CDATA[com.codoid.products.exception.FilloException: Workbook is not found - D:\ChristianLouboutin/resources/front/Automation_DS_StagingEnv1.xlsx
	at com.codoid.products.fillo.Fillo.getConnection(Fillo.java:46)
	at src.in.valtech.util.ExcelReader.getDataConfigDetails(ExcelReader.java:200)
	at src.in.valtech.custom.CustomFun.getTestDataSetDetails(CustomFun.java:1869)
	at src.in.valtech.config.BaseTest.setUp(BaseTest.java:166)
	at java.base/jdk.internal.reflect.NativeMethodAccessorImpl.invoke0(Native Method)
	at java.base/jdk.internal.reflect.NativeMethodAccessorImpl.invoke(NativeMethodAccessorImpl.java:77)
	at java.base/jdk.internal.reflect.DelegatingMethodAccessorImpl.invoke(DelegatingMethodAccessorImpl.java:43)
	at java.base/java.lang.reflect.Method.invoke(Method.java:568)
	at org.testng.internal.MethodInvocationHelper.invokeMethod(MethodInvocationHelper.java:85)
	at org.testng.internal.Invoker.invokeConfigurationMethod(Invoker.java:510)
	at org.testng.internal.Invoker.invokeConfigurations(Invoker.java:211)
	at org.testng.internal.Invoker.invokeConfigurations(Invoker.java:138)
	at org.testng.TestRunner.beforeRun(TestRunner.java:648)
	at org.testng.TestRunner.run(TestRunner.java:616)
	at org.testng.SuiteRunner.runTest(SuiteRunner.java:359)
	at org.testng.SuiteRunner.access$000(SuiteRunner.java:39)
	at org.testng.SuiteRunner$SuiteWorker.run(SuiteRunner.java:393)
	at org.testng.internal.thread.ThreadUtil$2.call(ThreadUtil.java:64)
	at java.base/java.util.concurrent.FutureTask.run(FutureTask.java:264)
	at java.base/java.util.concurrent.ThreadPoolExecutor.runWorker(ThreadPoolExecutor.java:1136)
	at java.base/java.util.concurrent.ThreadPoolExecutor$Worker.run(ThreadPoolExecutor.java:635)
	at java.base/java.lang.Thread.run(Thread.java:833)
]]>
    </error>
  </testcase> <!-- step126_NavigatedIntoWMSAndClickOnPackingBtn -->
  <testcase classname="src.in.valtech.cl.scenarios.TC_Scenario_08" name="step31_VerifiedProductPriceinPDP" time="0.000">
    <error message="Workbook is not found - D:\ChristianLouboutin/resources/front/Automation_DS_StagingEnv1.xlsx" type="com.codoid.products.exception.FilloException">
      <![CDATA[com.codoid.products.exception.FilloException: Workbook is not found - D:\ChristianLouboutin/resources/front/Automation_DS_StagingEnv1.xlsx
	at com.codoid.products.fillo.Fillo.getConnection(Fillo.java:46)
	at src.in.valtech.util.ExcelReader.getDataConfigDetails(ExcelReader.java:200)
	at src.in.valtech.custom.CustomFun.getTestDataSetDetails(CustomFun.java:1869)
	at src.in.valtech.config.BaseTest.setUp(BaseTest.java:166)
	at java.base/jdk.internal.reflect.NativeMethodAccessorImpl.invoke0(Native Method)
	at java.base/jdk.internal.reflect.NativeMethodAccessorImpl.invoke(NativeMethodAccessorImpl.java:77)
	at java.base/jdk.internal.reflect.DelegatingMethodAccessorImpl.invoke(DelegatingMethodAccessorImpl.java:43)
	at java.base/java.lang.reflect.Method.invoke(Method.java:568)
	at org.testng.internal.MethodInvocationHelper.invokeMethod(MethodInvocationHelper.java:85)
	at org.testng.internal.Invoker.invokeConfigurationMethod(Invoker.java:510)
	at org.testng.internal.Invoker.invokeConfigurations(Invoker.java:211)
	at org.testng.internal.Invoker.invokeConfigurations(Invoker.java:138)
	at org.testng.TestRunner.beforeRun(TestRunner.java:648)
	at org.testng.TestRunner.run(TestRunner.java:616)
	at org.testng.SuiteRunner.runTest(SuiteRunner.java:359)
	at org.testng.SuiteRunner.access$000(SuiteRunner.java:39)
	at org.testng.SuiteRunner$SuiteWorker.run(SuiteRunner.java:393)
	at org.testng.internal.thread.ThreadUtil$2.call(ThreadUtil.java:64)
	at java.base/java.util.concurrent.FutureTask.run(FutureTask.java:264)
	at java.base/java.util.concurrent.ThreadPoolExecutor.runWorker(ThreadPoolExecutor.java:1136)
	at java.base/java.util.concurrent.ThreadPoolExecutor$Worker.run(ThreadPoolExecutor.java:635)
	at java.base/java.lang.Thread.run(Thread.java:833)
]]>
    </error>
  </testcase> <!-- step31_VerifiedProductPriceinPDP -->
  <testcase classname="src.in.valtech.cl.scenarios.TC_Scenario_08" name="step135_NavigatedIntoWMSAndProcessedwithShippingProcess" time="0.000">
    <error message="Workbook is not found - D:\ChristianLouboutin/resources/front/Automation_DS_StagingEnv1.xlsx" type="com.codoid.products.exception.FilloException">
      <![CDATA[com.codoid.products.exception.FilloException: Workbook is not found - D:\ChristianLouboutin/resources/front/Automation_DS_StagingEnv1.xlsx
	at com.codoid.products.fillo.Fillo.getConnection(Fillo.java:46)
	at src.in.valtech.util.ExcelReader.getDataConfigDetails(ExcelReader.java:200)
	at src.in.valtech.custom.CustomFun.getTestDataSetDetails(CustomFun.java:1869)
	at src.in.valtech.config.BaseTest.setUp(BaseTest.java:166)
	at java.base/jdk.internal.reflect.NativeMethodAccessorImpl.invoke0(Native Method)
	at java.base/jdk.internal.reflect.NativeMethodAccessorImpl.invoke(NativeMethodAccessorImpl.java:77)
	at java.base/jdk.internal.reflect.DelegatingMethodAccessorImpl.invoke(DelegatingMethodAccessorImpl.java:43)
	at java.base/java.lang.reflect.Method.invoke(Method.java:568)
	at org.testng.internal.MethodInvocationHelper.invokeMethod(MethodInvocationHelper.java:85)
	at org.testng.internal.Invoker.invokeConfigurationMethod(Invoker.java:510)
	at org.testng.internal.Invoker.invokeConfigurations(Invoker.java:211)
	at org.testng.internal.Invoker.invokeConfigurations(Invoker.java:138)
	at org.testng.TestRunner.beforeRun(TestRunner.java:648)
	at org.testng.TestRunner.run(TestRunner.java:616)
	at org.testng.SuiteRunner.runTest(SuiteRunner.java:359)
	at org.testng.SuiteRunner.access$000(SuiteRunner.java:39)
	at org.testng.SuiteRunner$SuiteWorker.run(SuiteRunner.java:393)
	at org.testng.internal.thread.ThreadUtil$2.call(ThreadUtil.java:64)
	at java.base/java.util.concurrent.FutureTask.run(FutureTask.java:264)
	at java.base/java.util.concurrent.ThreadPoolExecutor.runWorker(ThreadPoolExecutor.java:1136)
	at java.base/java.util.concurrent.ThreadPoolExecutor$Worker.run(ThreadPoolExecutor.java:635)
	at java.base/java.lang.Thread.run(Thread.java:833)
]]>
    </error>
  </testcase> <!-- step135_NavigatedIntoWMSAndProcessedwithShippingProcess -->
  <testcase classname="src.in.valtech.cl.scenarios.TC_Scenario_08" name="step10_SearchForCustomerAccount" time="0.000">
    <error message="Workbook is not found - D:\ChristianLouboutin/resources/front/Automation_DS_StagingEnv1.xlsx" type="com.codoid.products.exception.FilloException">
      <![CDATA[com.codoid.products.exception.FilloException: Workbook is not found - D:\ChristianLouboutin/resources/front/Automation_DS_StagingEnv1.xlsx
	at com.codoid.products.fillo.Fillo.getConnection(Fillo.java:46)
	at src.in.valtech.util.ExcelReader.getDataConfigDetails(ExcelReader.java:200)
	at src.in.valtech.custom.CustomFun.getTestDataSetDetails(CustomFun.java:1869)
	at src.in.valtech.config.BaseTest.setUp(BaseTest.java:166)
	at java.base/jdk.internal.reflect.NativeMethodAccessorImpl.invoke0(Native Method)
	at java.base/jdk.internal.reflect.NativeMethodAccessorImpl.invoke(NativeMethodAccessorImpl.java:77)
	at java.base/jdk.internal.reflect.DelegatingMethodAccessorImpl.invoke(DelegatingMethodAccessorImpl.java:43)
	at java.base/java.lang.reflect.Method.invoke(Method.java:568)
	at org.testng.internal.MethodInvocationHelper.invokeMethod(MethodInvocationHelper.java:85)
	at org.testng.internal.Invoker.invokeConfigurationMethod(Invoker.java:510)
	at org.testng.internal.Invoker.invokeConfigurations(Invoker.java:211)
	at org.testng.internal.Invoker.invokeConfigurations(Invoker.java:138)
	at org.testng.TestRunner.beforeRun(TestRunner.java:648)
	at org.testng.TestRunner.run(TestRunner.java:616)
	at org.testng.SuiteRunner.runTest(SuiteRunner.java:359)
	at org.testng.SuiteRunner.access$000(SuiteRunner.java:39)
	at org.testng.SuiteRunner$SuiteWorker.run(SuiteRunner.java:393)
	at org.testng.internal.thread.ThreadUtil$2.call(ThreadUtil.java:64)
	at java.base/java.util.concurrent.FutureTask.run(FutureTask.java:264)
	at java.base/java.util.concurrent.ThreadPoolExecutor.runWorker(ThreadPoolExecutor.java:1136)
	at java.base/java.util.concurrent.ThreadPoolExecutor$Worker.run(ThreadPoolExecutor.java:635)
	at java.base/java.lang.Thread.run(Thread.java:833)
]]>
    </error>
  </testcase> <!-- step10_SearchForCustomerAccount -->
  <testcase classname="src.in.valtech.cl.scenarios.TC_Scenario_08" name="step207_VerifyReturnReceptionConfirmationMailContents" time="0.000">
    <error message="Workbook is not found - D:\ChristianLouboutin/resources/front/Automation_DS_StagingEnv1.xlsx" type="com.codoid.products.exception.FilloException">
      <![CDATA[com.codoid.products.exception.FilloException: Workbook is not found - D:\ChristianLouboutin/resources/front/Automation_DS_StagingEnv1.xlsx
	at com.codoid.products.fillo.Fillo.getConnection(Fillo.java:46)
	at src.in.valtech.util.ExcelReader.getDataConfigDetails(ExcelReader.java:200)
	at src.in.valtech.custom.CustomFun.getTestDataSetDetails(CustomFun.java:1869)
	at src.in.valtech.config.BaseTest.setUp(BaseTest.java:166)
	at java.base/jdk.internal.reflect.NativeMethodAccessorImpl.invoke0(Native Method)
	at java.base/jdk.internal.reflect.NativeMethodAccessorImpl.invoke(NativeMethodAccessorImpl.java:77)
	at java.base/jdk.internal.reflect.DelegatingMethodAccessorImpl.invoke(DelegatingMethodAccessorImpl.java:43)
	at java.base/java.lang.reflect.Method.invoke(Method.java:568)
	at org.testng.internal.MethodInvocationHelper.invokeMethod(MethodInvocationHelper.java:85)
	at org.testng.internal.Invoker.invokeConfigurationMethod(Invoker.java:510)
	at org.testng.internal.Invoker.invokeConfigurations(Invoker.java:211)
	at org.testng.internal.Invoker.invokeConfigurations(Invoker.java:138)
	at org.testng.TestRunner.beforeRun(TestRunner.java:648)
	at org.testng.TestRunner.run(TestRunner.java:616)
	at org.testng.SuiteRunner.runTest(SuiteRunner.java:359)
	at org.testng.SuiteRunner.access$000(SuiteRunner.java:39)
	at org.testng.SuiteRunner$SuiteWorker.run(SuiteRunner.java:393)
	at org.testng.internal.thread.ThreadUtil$2.call(ThreadUtil.java:64)
	at java.base/java.util.concurrent.FutureTask.run(FutureTask.java:264)
	at java.base/java.util.concurrent.ThreadPoolExecutor.runWorker(ThreadPoolExecutor.java:1136)
	at java.base/java.util.concurrent.ThreadPoolExecutor$Worker.run(ThreadPoolExecutor.java:635)
	at java.base/java.lang.Thread.run(Thread.java:833)
]]>
    </error>
  </testcase> <!-- step207_VerifyReturnReceptionConfirmationMailContents -->
  <testcase classname="src.in.valtech.cl.scenarios.TC_Scenario_08" name="step44_ClickOnShoesSubcategory" time="0.001">
    <error message="Workbook is not found - D:\ChristianLouboutin/resources/front/Automation_DS_StagingEnv1.xlsx" type="com.codoid.products.exception.FilloException">
      <![CDATA[com.codoid.products.exception.FilloException: Workbook is not found - D:\ChristianLouboutin/resources/front/Automation_DS_StagingEnv1.xlsx
	at com.codoid.products.fillo.Fillo.getConnection(Fillo.java:46)
	at src.in.valtech.util.ExcelReader.getDataConfigDetails(ExcelReader.java:200)
	at src.in.valtech.custom.CustomFun.getTestDataSetDetails(CustomFun.java:1869)
	at src.in.valtech.config.BaseTest.setUp(BaseTest.java:166)
	at java.base/jdk.internal.reflect.NativeMethodAccessorImpl.invoke0(Native Method)
	at java.base/jdk.internal.reflect.NativeMethodAccessorImpl.invoke(NativeMethodAccessorImpl.java:77)
	at java.base/jdk.internal.reflect.DelegatingMethodAccessorImpl.invoke(DelegatingMethodAccessorImpl.java:43)
	at java.base/java.lang.reflect.Method.invoke(Method.java:568)
	at org.testng.internal.MethodInvocationHelper.invokeMethod(MethodInvocationHelper.java:85)
	at org.testng.internal.Invoker.invokeConfigurationMethod(Invoker.java:510)
	at org.testng.internal.Invoker.invokeConfigurations(Invoker.java:211)
	at org.testng.internal.Invoker.invokeConfigurations(Invoker.java:138)
	at org.testng.TestRunner.beforeRun(TestRunner.java:648)
	at org.testng.TestRunner.run(TestRunner.java:616)
	at org.testng.SuiteRunner.runTest(SuiteRunner.java:359)
	at org.testng.SuiteRunner.access$000(SuiteRunner.java:39)
	at org.testng.SuiteRunner$SuiteWorker.run(SuiteRunner.java:393)
	at org.testng.internal.thread.ThreadUtil$2.call(ThreadUtil.java:64)
	at java.base/java.util.concurrent.FutureTask.run(FutureTask.java:264)
	at java.base/java.util.concurrent.ThreadPoolExecutor.runWorker(ThreadPoolExecutor.java:1136)
	at java.base/java.util.concurrent.ThreadPoolExecutor$Worker.run(ThreadPoolExecutor.java:635)
	at java.base/java.lang.Thread.run(Thread.java:833)
]]>
    </error>
  </testcase> <!-- step44_ClickOnShoesSubcategory -->
  <testcase classname="src.in.valtech.cl.scenarios.TC_Scenario_08" name="step183_ClickonViewOptioninOrderGrid" time="0.000">
    <error message="Workbook is not found - D:\ChristianLouboutin/resources/front/Automation_DS_StagingEnv1.xlsx" type="com.codoid.products.exception.FilloException">
      <![CDATA[com.codoid.products.exception.FilloException: Workbook is not found - D:\ChristianLouboutin/resources/front/Automation_DS_StagingEnv1.xlsx
	at com.codoid.products.fillo.Fillo.getConnection(Fillo.java:46)
	at src.in.valtech.util.ExcelReader.getDataConfigDetails(ExcelReader.java:200)
	at src.in.valtech.custom.CustomFun.getTestDataSetDetails(CustomFun.java:1869)
	at src.in.valtech.config.BaseTest.setUp(BaseTest.java:166)
	at java.base/jdk.internal.reflect.NativeMethodAccessorImpl.invoke0(Native Method)
	at java.base/jdk.internal.reflect.NativeMethodAccessorImpl.invoke(NativeMethodAccessorImpl.java:77)
	at java.base/jdk.internal.reflect.DelegatingMethodAccessorImpl.invoke(DelegatingMethodAccessorImpl.java:43)
	at java.base/java.lang.reflect.Method.invoke(Method.java:568)
	at org.testng.internal.MethodInvocationHelper.invokeMethod(MethodInvocationHelper.java:85)
	at org.testng.internal.Invoker.invokeConfigurationMethod(Invoker.java:510)
	at org.testng.internal.Invoker.invokeConfigurations(Invoker.java:211)
	at org.testng.internal.Invoker.invokeConfigurations(Invoker.java:138)
	at org.testng.TestRunner.beforeRun(TestRunner.java:648)
	at org.testng.TestRunner.run(TestRunner.java:616)
	at org.testng.SuiteRunner.runTest(SuiteRunner.java:359)
	at org.testng.SuiteRunner.access$000(SuiteRunner.java:39)
	at org.testng.SuiteRunner$SuiteWorker.run(SuiteRunner.java:393)
	at org.testng.internal.thread.ThreadUtil$2.call(ThreadUtil.java:64)
	at java.base/java.util.concurrent.FutureTask.run(FutureTask.java:264)
	at java.base/java.util.concurrent.ThreadPoolExecutor.runWorker(ThreadPoolExecutor.java:1136)
	at java.base/java.util.concurrent.ThreadPoolExecutor$Worker.run(ThreadPoolExecutor.java:635)
	at java.base/java.lang.Thread.run(Thread.java:833)
]]>
    </error>
  </testcase> <!-- step183_ClickonViewOptioninOrderGrid -->
  <testcase classname="src.in.valtech.cl.scenarios.TC_Scenario_08" name="step41_VerifiedContinueShoppingAndOrderNowBTn" time="0.000">
    <error message="Workbook is not found - D:\ChristianLouboutin/resources/front/Automation_DS_StagingEnv1.xlsx" type="com.codoid.products.exception.FilloException">
      <![CDATA[com.codoid.products.exception.FilloException: Workbook is not found - D:\ChristianLouboutin/resources/front/Automation_DS_StagingEnv1.xlsx
	at com.codoid.products.fillo.Fillo.getConnection(Fillo.java:46)
	at src.in.valtech.util.ExcelReader.getDataConfigDetails(ExcelReader.java:200)
	at src.in.valtech.custom.CustomFun.getTestDataSetDetails(CustomFun.java:1869)
	at src.in.valtech.config.BaseTest.setUp(BaseTest.java:166)
	at java.base/jdk.internal.reflect.NativeMethodAccessorImpl.invoke0(Native Method)
	at java.base/jdk.internal.reflect.NativeMethodAccessorImpl.invoke(NativeMethodAccessorImpl.java:77)
	at java.base/jdk.internal.reflect.DelegatingMethodAccessorImpl.invoke(DelegatingMethodAccessorImpl.java:43)
	at java.base/java.lang.reflect.Method.invoke(Method.java:568)
	at org.testng.internal.MethodInvocationHelper.invokeMethod(MethodInvocationHelper.java:85)
	at org.testng.internal.Invoker.invokeConfigurationMethod(Invoker.java:510)
	at org.testng.internal.Invoker.invokeConfigurations(Invoker.java:211)
	at org.testng.internal.Invoker.invokeConfigurations(Invoker.java:138)
	at org.testng.TestRunner.beforeRun(TestRunner.java:648)
	at org.testng.TestRunner.run(TestRunner.java:616)
	at org.testng.SuiteRunner.runTest(SuiteRunner.java:359)
	at org.testng.SuiteRunner.access$000(SuiteRunner.java:39)
	at org.testng.SuiteRunner$SuiteWorker.run(SuiteRunner.java:393)
	at org.testng.internal.thread.ThreadUtil$2.call(ThreadUtil.java:64)
	at java.base/java.util.concurrent.FutureTask.run(FutureTask.java:264)
	at java.base/java.util.concurrent.ThreadPoolExecutor.runWorker(ThreadPoolExecutor.java:1136)
	at java.base/java.util.concurrent.ThreadPoolExecutor$Worker.run(ThreadPoolExecutor.java:635)
	at java.base/java.lang.Thread.run(Thread.java:833)
]]>
    </error>
  </testcase> <!-- step41_VerifiedContinueShoppingAndOrderNowBTn -->
  <testcase classname="src.in.valtech.cl.scenarios.TC_Scenario_08" name="step106_ClickOnSalesIcon" time="0.000">
    <error message="Workbook is not found - D:\ChristianLouboutin/resources/front/Automation_DS_StagingEnv1.xlsx" type="com.codoid.products.exception.FilloException">
      <![CDATA[com.codoid.products.exception.FilloException: Workbook is not found - D:\ChristianLouboutin/resources/front/Automation_DS_StagingEnv1.xlsx
	at com.codoid.products.fillo.Fillo.getConnection(Fillo.java:46)
	at src.in.valtech.util.ExcelReader.getDataConfigDetails(ExcelReader.java:200)
	at src.in.valtech.custom.CustomFun.getTestDataSetDetails(CustomFun.java:1869)
	at src.in.valtech.config.BaseTest.setUp(BaseTest.java:166)
	at java.base/jdk.internal.reflect.NativeMethodAccessorImpl.invoke0(Native Method)
	at java.base/jdk.internal.reflect.NativeMethodAccessorImpl.invoke(NativeMethodAccessorImpl.java:77)
	at java.base/jdk.internal.reflect.DelegatingMethodAccessorImpl.invoke(DelegatingMethodAccessorImpl.java:43)
	at java.base/java.lang.reflect.Method.invoke(Method.java:568)
	at org.testng.internal.MethodInvocationHelper.invokeMethod(MethodInvocationHelper.java:85)
	at org.testng.internal.Invoker.invokeConfigurationMethod(Invoker.java:510)
	at org.testng.internal.Invoker.invokeConfigurations(Invoker.java:211)
	at org.testng.internal.Invoker.invokeConfigurations(Invoker.java:138)
	at org.testng.TestRunner.beforeRun(TestRunner.java:648)
	at org.testng.TestRunner.run(TestRunner.java:616)
	at org.testng.SuiteRunner.runTest(SuiteRunner.java:359)
	at org.testng.SuiteRunner.access$000(SuiteRunner.java:39)
	at org.testng.SuiteRunner$SuiteWorker.run(SuiteRunner.java:393)
	at org.testng.internal.thread.ThreadUtil$2.call(ThreadUtil.java:64)
	at java.base/java.util.concurrent.FutureTask.run(FutureTask.java:264)
	at java.base/java.util.concurrent.ThreadPoolExecutor.runWorker(ThreadPoolExecutor.java:1136)
	at java.base/java.util.concurrent.ThreadPoolExecutor$Worker.run(ThreadPoolExecutor.java:635)
	at java.base/java.lang.Thread.run(Thread.java:833)
]]>
    </error>
  </testcase> <!-- step106_ClickOnSalesIcon -->
  <testcase classname="src.in.valtech.cl.scenarios.TC_Scenario_08" name="step169_VerifiedOrderStatusInReturnsPage" time="0.000">
    <error message="Workbook is not found - D:\ChristianLouboutin/resources/front/Automation_DS_StagingEnv1.xlsx" type="com.codoid.products.exception.FilloException">
      <![CDATA[com.codoid.products.exception.FilloException: Workbook is not found - D:\ChristianLouboutin/resources/front/Automation_DS_StagingEnv1.xlsx
	at com.codoid.products.fillo.Fillo.getConnection(Fillo.java:46)
	at src.in.valtech.util.ExcelReader.getDataConfigDetails(ExcelReader.java:200)
	at src.in.valtech.custom.CustomFun.getTestDataSetDetails(CustomFun.java:1869)
	at src.in.valtech.config.BaseTest.setUp(BaseTest.java:166)
	at java.base/jdk.internal.reflect.NativeMethodAccessorImpl.invoke0(Native Method)
	at java.base/jdk.internal.reflect.NativeMethodAccessorImpl.invoke(NativeMethodAccessorImpl.java:77)
	at java.base/jdk.internal.reflect.DelegatingMethodAccessorImpl.invoke(DelegatingMethodAccessorImpl.java:43)
	at java.base/java.lang.reflect.Method.invoke(Method.java:568)
	at org.testng.internal.MethodInvocationHelper.invokeMethod(MethodInvocationHelper.java:85)
	at org.testng.internal.Invoker.invokeConfigurationMethod(Invoker.java:510)
	at org.testng.internal.Invoker.invokeConfigurations(Invoker.java:211)
	at org.testng.internal.Invoker.invokeConfigurations(Invoker.java:138)
	at org.testng.TestRunner.beforeRun(TestRunner.java:648)
	at org.testng.TestRunner.run(TestRunner.java:616)
	at org.testng.SuiteRunner.runTest(SuiteRunner.java:359)
	at org.testng.SuiteRunner.access$000(SuiteRunner.java:39)
	at org.testng.SuiteRunner$SuiteWorker.run(SuiteRunner.java:393)
	at org.testng.internal.thread.ThreadUtil$2.call(ThreadUtil.java:64)
	at java.base/java.util.concurrent.FutureTask.run(FutureTask.java:264)
	at java.base/java.util.concurrent.ThreadPoolExecutor.runWorker(ThreadPoolExecutor.java:1136)
	at java.base/java.util.concurrent.ThreadPoolExecutor$Worker.run(ThreadPoolExecutor.java:635)
	at java.base/java.lang.Thread.run(Thread.java:833)
]]>
    </error>
  </testcase> <!-- step169_VerifiedOrderStatusInReturnsPage -->
  <testcase classname="src.in.valtech.cl.scenarios.TC_Scenario_08" name="step102_VerifiedYourOrderID" time="0.000">
    <error message="Workbook is not found - D:\ChristianLouboutin/resources/front/Automation_DS_StagingEnv1.xlsx" type="com.codoid.products.exception.FilloException">
      <![CDATA[com.codoid.products.exception.FilloException: Workbook is not found - D:\ChristianLouboutin/resources/front/Automation_DS_StagingEnv1.xlsx
	at com.codoid.products.fillo.Fillo.getConnection(Fillo.java:46)
	at src.in.valtech.util.ExcelReader.getDataConfigDetails(ExcelReader.java:200)
	at src.in.valtech.custom.CustomFun.getTestDataSetDetails(CustomFun.java:1869)
	at src.in.valtech.config.BaseTest.setUp(BaseTest.java:166)
	at java.base/jdk.internal.reflect.NativeMethodAccessorImpl.invoke0(Native Method)
	at java.base/jdk.internal.reflect.NativeMethodAccessorImpl.invoke(NativeMethodAccessorImpl.java:77)
	at java.base/jdk.internal.reflect.DelegatingMethodAccessorImpl.invoke(DelegatingMethodAccessorImpl.java:43)
	at java.base/java.lang.reflect.Method.invoke(Method.java:568)
	at org.testng.internal.MethodInvocationHelper.invokeMethod(MethodInvocationHelper.java:85)
	at org.testng.internal.Invoker.invokeConfigurationMethod(Invoker.java:510)
	at org.testng.internal.Invoker.invokeConfigurations(Invoker.java:211)
	at org.testng.internal.Invoker.invokeConfigurations(Invoker.java:138)
	at org.testng.TestRunner.beforeRun(TestRunner.java:648)
	at org.testng.TestRunner.run(TestRunner.java:616)
	at org.testng.SuiteRunner.runTest(SuiteRunner.java:359)
	at org.testng.SuiteRunner.access$000(SuiteRunner.java:39)
	at org.testng.SuiteRunner$SuiteWorker.run(SuiteRunner.java:393)
	at org.testng.internal.thread.ThreadUtil$2.call(ThreadUtil.java:64)
	at java.base/java.util.concurrent.FutureTask.run(FutureTask.java:264)
	at java.base/java.util.concurrent.ThreadPoolExecutor.runWorker(ThreadPoolExecutor.java:1136)
	at java.base/java.util.concurrent.ThreadPoolExecutor$Worker.run(ThreadPoolExecutor.java:635)
	at java.base/java.lang.Thread.run(Thread.java:833)
]]>
    </error>
  </testcase> <!-- step102_VerifiedYourOrderID -->
  <testcase classname="src.in.valtech.cl.scenarios.TC_Scenario_08" name="step130_EnteredQuantityInAnyRow" time="0.000">
    <error message="Workbook is not found - D:\ChristianLouboutin/resources/front/Automation_DS_StagingEnv1.xlsx" type="com.codoid.products.exception.FilloException">
      <![CDATA[com.codoid.products.exception.FilloException: Workbook is not found - D:\ChristianLouboutin/resources/front/Automation_DS_StagingEnv1.xlsx
	at com.codoid.products.fillo.Fillo.getConnection(Fillo.java:46)
	at src.in.valtech.util.ExcelReader.getDataConfigDetails(ExcelReader.java:200)
	at src.in.valtech.custom.CustomFun.getTestDataSetDetails(CustomFun.java:1869)
	at src.in.valtech.config.BaseTest.setUp(BaseTest.java:166)
	at java.base/jdk.internal.reflect.NativeMethodAccessorImpl.invoke0(Native Method)
	at java.base/jdk.internal.reflect.NativeMethodAccessorImpl.invoke(NativeMethodAccessorImpl.java:77)
	at java.base/jdk.internal.reflect.DelegatingMethodAccessorImpl.invoke(DelegatingMethodAccessorImpl.java:43)
	at java.base/java.lang.reflect.Method.invoke(Method.java:568)
	at org.testng.internal.MethodInvocationHelper.invokeMethod(MethodInvocationHelper.java:85)
	at org.testng.internal.Invoker.invokeConfigurationMethod(Invoker.java:510)
	at org.testng.internal.Invoker.invokeConfigurations(Invoker.java:211)
	at org.testng.internal.Invoker.invokeConfigurations(Invoker.java:138)
	at org.testng.TestRunner.beforeRun(TestRunner.java:648)
	at org.testng.TestRunner.run(TestRunner.java:616)
	at org.testng.SuiteRunner.runTest(SuiteRunner.java:359)
	at org.testng.SuiteRunner.access$000(SuiteRunner.java:39)
	at org.testng.SuiteRunner$SuiteWorker.run(SuiteRunner.java:393)
	at org.testng.internal.thread.ThreadUtil$2.call(ThreadUtil.java:64)
	at java.base/java.util.concurrent.FutureTask.run(FutureTask.java:264)
	at java.base/java.util.concurrent.ThreadPoolExecutor.runWorker(ThreadPoolExecutor.java:1136)
	at java.base/java.util.concurrent.ThreadPoolExecutor$Worker.run(ThreadPoolExecutor.java:635)
	at java.base/java.lang.Thread.run(Thread.java:833)
]]>
    </error>
  </testcase> <!-- step130_EnteredQuantityInAnyRow -->
  <testcase classname="src.in.valtech.cl.scenarios.TC_Scenario_08" name="step54_MouseOverElementOnDataListsMenu" time="0.000">
    <error message="Workbook is not found - D:\ChristianLouboutin/resources/front/Automation_DS_StagingEnv1.xlsx" type="com.codoid.products.exception.FilloException">
      <![CDATA[com.codoid.products.exception.FilloException: Workbook is not found - D:\ChristianLouboutin/resources/front/Automation_DS_StagingEnv1.xlsx
	at com.codoid.products.fillo.Fillo.getConnection(Fillo.java:46)
	at src.in.valtech.util.ExcelReader.getDataConfigDetails(ExcelReader.java:200)
	at src.in.valtech.custom.CustomFun.getTestDataSetDetails(CustomFun.java:1869)
	at src.in.valtech.config.BaseTest.setUp(BaseTest.java:166)
	at java.base/jdk.internal.reflect.NativeMethodAccessorImpl.invoke0(Native Method)
	at java.base/jdk.internal.reflect.NativeMethodAccessorImpl.invoke(NativeMethodAccessorImpl.java:77)
	at java.base/jdk.internal.reflect.DelegatingMethodAccessorImpl.invoke(DelegatingMethodAccessorImpl.java:43)
	at java.base/java.lang.reflect.Method.invoke(Method.java:568)
	at org.testng.internal.MethodInvocationHelper.invokeMethod(MethodInvocationHelper.java:85)
	at org.testng.internal.Invoker.invokeConfigurationMethod(Invoker.java:510)
	at org.testng.internal.Invoker.invokeConfigurations(Invoker.java:211)
	at org.testng.internal.Invoker.invokeConfigurations(Invoker.java:138)
	at org.testng.TestRunner.beforeRun(TestRunner.java:648)
	at org.testng.TestRunner.run(TestRunner.java:616)
	at org.testng.SuiteRunner.runTest(SuiteRunner.java:359)
	at org.testng.SuiteRunner.access$000(SuiteRunner.java:39)
	at org.testng.SuiteRunner$SuiteWorker.run(SuiteRunner.java:393)
	at org.testng.internal.thread.ThreadUtil$2.call(ThreadUtil.java:64)
	at java.base/java.util.concurrent.FutureTask.run(FutureTask.java:264)
	at java.base/java.util.concurrent.ThreadPoolExecutor.runWorker(ThreadPoolExecutor.java:1136)
	at java.base/java.util.concurrent.ThreadPoolExecutor$Worker.run(ThreadPoolExecutor.java:635)
	at java.base/java.lang.Thread.run(Thread.java:833)
]]>
    </error>
  </testcase> <!-- step54_MouseOverElementOnDataListsMenu -->
  <testcase classname="src.in.valtech.cl.scenarios.TC_Scenario_08" name="step132_ClickOnHomePopupBtn" time="0.000">
    <error message="Workbook is not found - D:\ChristianLouboutin/resources/front/Automation_DS_StagingEnv1.xlsx" type="com.codoid.products.exception.FilloException">
      <![CDATA[com.codoid.products.exception.FilloException: Workbook is not found - D:\ChristianLouboutin/resources/front/Automation_DS_StagingEnv1.xlsx
	at com.codoid.products.fillo.Fillo.getConnection(Fillo.java:46)
	at src.in.valtech.util.ExcelReader.getDataConfigDetails(ExcelReader.java:200)
	at src.in.valtech.custom.CustomFun.getTestDataSetDetails(CustomFun.java:1869)
	at src.in.valtech.config.BaseTest.setUp(BaseTest.java:166)
	at java.base/jdk.internal.reflect.NativeMethodAccessorImpl.invoke0(Native Method)
	at java.base/jdk.internal.reflect.NativeMethodAccessorImpl.invoke(NativeMethodAccessorImpl.java:77)
	at java.base/jdk.internal.reflect.DelegatingMethodAccessorImpl.invoke(DelegatingMethodAccessorImpl.java:43)
	at java.base/java.lang.reflect.Method.invoke(Method.java:568)
	at org.testng.internal.MethodInvocationHelper.invokeMethod(MethodInvocationHelper.java:85)
	at org.testng.internal.Invoker.invokeConfigurationMethod(Invoker.java:510)
	at org.testng.internal.Invoker.invokeConfigurations(Invoker.java:211)
	at org.testng.internal.Invoker.invokeConfigurations(Invoker.java:138)
	at org.testng.TestRunner.beforeRun(TestRunner.java:648)
	at org.testng.TestRunner.run(TestRunner.java:616)
	at org.testng.SuiteRunner.runTest(SuiteRunner.java:359)
	at org.testng.SuiteRunner.access$000(SuiteRunner.java:39)
	at org.testng.SuiteRunner$SuiteWorker.run(SuiteRunner.java:393)
	at org.testng.internal.thread.ThreadUtil$2.call(ThreadUtil.java:64)
	at java.base/java.util.concurrent.FutureTask.run(FutureTask.java:264)
	at java.base/java.util.concurrent.ThreadPoolExecutor.runWorker(ThreadPoolExecutor.java:1136)
	at java.base/java.util.concurrent.ThreadPoolExecutor$Worker.run(ThreadPoolExecutor.java:635)
	at java.base/java.lang.Thread.run(Thread.java:833)
]]>
    </error>
  </testcase> <!-- step132_ClickOnHomePopupBtn -->
  <testcase classname="src.in.valtech.cl.scenarios.TC_Scenario_08" name="step14_SelectValFromPrefixDropdown" time="0.001">
    <error message="Workbook is not found - D:\ChristianLouboutin/resources/front/Automation_DS_StagingEnv1.xlsx" type="com.codoid.products.exception.FilloException">
      <![CDATA[com.codoid.products.exception.FilloException: Workbook is not found - D:\ChristianLouboutin/resources/front/Automation_DS_StagingEnv1.xlsx
	at com.codoid.products.fillo.Fillo.getConnection(Fillo.java:46)
	at src.in.valtech.util.ExcelReader.getDataConfigDetails(ExcelReader.java:200)
	at src.in.valtech.custom.CustomFun.getTestDataSetDetails(CustomFun.java:1869)
	at src.in.valtech.config.BaseTest.setUp(BaseTest.java:166)
	at java.base/jdk.internal.reflect.NativeMethodAccessorImpl.invoke0(Native Method)
	at java.base/jdk.internal.reflect.NativeMethodAccessorImpl.invoke(NativeMethodAccessorImpl.java:77)
	at java.base/jdk.internal.reflect.DelegatingMethodAccessorImpl.invoke(DelegatingMethodAccessorImpl.java:43)
	at java.base/java.lang.reflect.Method.invoke(Method.java:568)
	at org.testng.internal.MethodInvocationHelper.invokeMethod(MethodInvocationHelper.java:85)
	at org.testng.internal.Invoker.invokeConfigurationMethod(Invoker.java:510)
	at org.testng.internal.Invoker.invokeConfigurations(Invoker.java:211)
	at org.testng.internal.Invoker.invokeConfigurations(Invoker.java:138)
	at org.testng.TestRunner.beforeRun(TestRunner.java:648)
	at org.testng.TestRunner.run(TestRunner.java:616)
	at org.testng.SuiteRunner.runTest(SuiteRunner.java:359)
	at org.testng.SuiteRunner.access$000(SuiteRunner.java:39)
	at org.testng.SuiteRunner$SuiteWorker.run(SuiteRunner.java:393)
	at org.testng.internal.thread.ThreadUtil$2.call(ThreadUtil.java:64)
	at java.base/java.util.concurrent.FutureTask.run(FutureTask.java:264)
	at java.base/java.util.concurrent.ThreadPoolExecutor.runWorker(ThreadPoolExecutor.java:1136)
	at java.base/java.util.concurrent.ThreadPoolExecutor$Worker.run(ThreadPoolExecutor.java:635)
	at java.base/java.lang.Thread.run(Thread.java:833)
]]>
    </error>
  </testcase> <!-- step14_SelectValFromPrefixDropdown -->
  <testcase classname="src.in.valtech.cl.scenarios.TC_Scenario_08" name="step47_ClickonAddToCartButton" time="0.000">
    <error message="Workbook is not found - D:\ChristianLouboutin/resources/front/Automation_DS_StagingEnv1.xlsx" type="com.codoid.products.exception.FilloException">
      <![CDATA[com.codoid.products.exception.FilloException: Workbook is not found - D:\ChristianLouboutin/resources/front/Automation_DS_StagingEnv1.xlsx
	at com.codoid.products.fillo.Fillo.getConnection(Fillo.java:46)
	at src.in.valtech.util.ExcelReader.getDataConfigDetails(ExcelReader.java:200)
	at src.in.valtech.custom.CustomFun.getTestDataSetDetails(CustomFun.java:1869)
	at src.in.valtech.config.BaseTest.setUp(BaseTest.java:166)
	at java.base/jdk.internal.reflect.NativeMethodAccessorImpl.invoke0(Native Method)
	at java.base/jdk.internal.reflect.NativeMethodAccessorImpl.invoke(NativeMethodAccessorImpl.java:77)
	at java.base/jdk.internal.reflect.DelegatingMethodAccessorImpl.invoke(DelegatingMethodAccessorImpl.java:43)
	at java.base/java.lang.reflect.Method.invoke(Method.java:568)
	at org.testng.internal.MethodInvocationHelper.invokeMethod(MethodInvocationHelper.java:85)
	at org.testng.internal.Invoker.invokeConfigurationMethod(Invoker.java:510)
	at org.testng.internal.Invoker.invokeConfigurations(Invoker.java:211)
	at org.testng.internal.Invoker.invokeConfigurations(Invoker.java:138)
	at org.testng.TestRunner.beforeRun(TestRunner.java:648)
	at org.testng.TestRunner.run(TestRunner.java:616)
	at org.testng.SuiteRunner.runTest(SuiteRunner.java:359)
	at org.testng.SuiteRunner.access$000(SuiteRunner.java:39)
	at org.testng.SuiteRunner$SuiteWorker.run(SuiteRunner.java:393)
	at org.testng.internal.thread.ThreadUtil$2.call(ThreadUtil.java:64)
	at java.base/java.util.concurrent.FutureTask.run(FutureTask.java:264)
	at java.base/java.util.concurrent.ThreadPoolExecutor.runWorker(ThreadPoolExecutor.java:1136)
	at java.base/java.util.concurrent.ThreadPoolExecutor$Worker.run(ThreadPoolExecutor.java:635)
	at java.base/java.lang.Thread.run(Thread.java:833)
]]>
    </error>
  </testcase> <!-- step47_ClickonAddToCartButton -->
  <testcase classname="src.in.valtech.cl.scenarios.TC_Scenario_08" name="step137_NaviagtedIntoFOAndVerifiedOrderStatusInMyOrdersPage" time="0.000">
    <error message="Workbook is not found - D:\ChristianLouboutin/resources/front/Automation_DS_StagingEnv1.xlsx" type="com.codoid.products.exception.FilloException">
      <![CDATA[com.codoid.products.exception.FilloException: Workbook is not found - D:\ChristianLouboutin/resources/front/Automation_DS_StagingEnv1.xlsx
	at com.codoid.products.fillo.Fillo.getConnection(Fillo.java:46)
	at src.in.valtech.util.ExcelReader.getDataConfigDetails(ExcelReader.java:200)
	at src.in.valtech.custom.CustomFun.getTestDataSetDetails(CustomFun.java:1869)
	at src.in.valtech.config.BaseTest.setUp(BaseTest.java:166)
	at java.base/jdk.internal.reflect.NativeMethodAccessorImpl.invoke0(Native Method)
	at java.base/jdk.internal.reflect.NativeMethodAccessorImpl.invoke(NativeMethodAccessorImpl.java:77)
	at java.base/jdk.internal.reflect.DelegatingMethodAccessorImpl.invoke(DelegatingMethodAccessorImpl.java:43)
	at java.base/java.lang.reflect.Method.invoke(Method.java:568)
	at org.testng.internal.MethodInvocationHelper.invokeMethod(MethodInvocationHelper.java:85)
	at org.testng.internal.Invoker.invokeConfigurationMethod(Invoker.java:510)
	at org.testng.internal.Invoker.invokeConfigurations(Invoker.java:211)
	at org.testng.internal.Invoker.invokeConfigurations(Invoker.java:138)
	at org.testng.TestRunner.beforeRun(TestRunner.java:648)
	at org.testng.TestRunner.run(TestRunner.java:616)
	at org.testng.SuiteRunner.runTest(SuiteRunner.java:359)
	at org.testng.SuiteRunner.access$000(SuiteRunner.java:39)
	at org.testng.SuiteRunner$SuiteWorker.run(SuiteRunner.java:393)
	at org.testng.internal.thread.ThreadUtil$2.call(ThreadUtil.java:64)
	at java.base/java.util.concurrent.FutureTask.run(FutureTask.java:264)
	at java.base/java.util.concurrent.ThreadPoolExecutor.runWorker(ThreadPoolExecutor.java:1136)
	at java.base/java.util.concurrent.ThreadPoolExecutor$Worker.run(ThreadPoolExecutor.java:635)
	at java.base/java.lang.Thread.run(Thread.java:833)
]]>
    </error>
  </testcase> <!-- step137_NaviagtedIntoFOAndVerifiedOrderStatusInMyOrdersPage -->
  <testcase classname="src.in.valtech.cl.scenarios.TC_Scenario_08" name="step68_EnteredAddressNameField" time="0.000">
    <error message="Workbook is not found - D:\ChristianLouboutin/resources/front/Automation_DS_StagingEnv1.xlsx" type="com.codoid.products.exception.FilloException">
      <![CDATA[com.codoid.products.exception.FilloException: Workbook is not found - D:\ChristianLouboutin/resources/front/Automation_DS_StagingEnv1.xlsx
	at com.codoid.products.fillo.Fillo.getConnection(Fillo.java:46)
	at src.in.valtech.util.ExcelReader.getDataConfigDetails(ExcelReader.java:200)
	at src.in.valtech.custom.CustomFun.getTestDataSetDetails(CustomFun.java:1869)
	at src.in.valtech.config.BaseTest.setUp(BaseTest.java:166)
	at java.base/jdk.internal.reflect.NativeMethodAccessorImpl.invoke0(Native Method)
	at java.base/jdk.internal.reflect.NativeMethodAccessorImpl.invoke(NativeMethodAccessorImpl.java:77)
	at java.base/jdk.internal.reflect.DelegatingMethodAccessorImpl.invoke(DelegatingMethodAccessorImpl.java:43)
	at java.base/java.lang.reflect.Method.invoke(Method.java:568)
	at org.testng.internal.MethodInvocationHelper.invokeMethod(MethodInvocationHelper.java:85)
	at org.testng.internal.Invoker.invokeConfigurationMethod(Invoker.java:510)
	at org.testng.internal.Invoker.invokeConfigurations(Invoker.java:211)
	at org.testng.internal.Invoker.invokeConfigurations(Invoker.java:138)
	at org.testng.TestRunner.beforeRun(TestRunner.java:648)
	at org.testng.TestRunner.run(TestRunner.java:616)
	at org.testng.SuiteRunner.runTest(SuiteRunner.java:359)
	at org.testng.SuiteRunner.access$000(SuiteRunner.java:39)
	at org.testng.SuiteRunner$SuiteWorker.run(SuiteRunner.java:393)
	at org.testng.internal.thread.ThreadUtil$2.call(ThreadUtil.java:64)
	at java.base/java.util.concurrent.FutureTask.run(FutureTask.java:264)
	at java.base/java.util.concurrent.ThreadPoolExecutor.runWorker(ThreadPoolExecutor.java:1136)
	at java.base/java.util.concurrent.ThreadPoolExecutor$Worker.run(ThreadPoolExecutor.java:635)
	at java.base/java.lang.Thread.run(Thread.java:833)
]]>
    </error>
  </testcase> <!-- step68_EnteredAddressNameField -->
  <testcase classname="src.in.valtech.cl.scenarios.TC_Scenario_08" name="step60_OpenNewTabAndNavigatedtoMagentoBO" time="0.000">
    <error message="Workbook is not found - D:\ChristianLouboutin/resources/front/Automation_DS_StagingEnv1.xlsx" type="com.codoid.products.exception.FilloException">
      <![CDATA[com.codoid.products.exception.FilloException: Workbook is not found - D:\ChristianLouboutin/resources/front/Automation_DS_StagingEnv1.xlsx
	at com.codoid.products.fillo.Fillo.getConnection(Fillo.java:46)
	at src.in.valtech.util.ExcelReader.getDataConfigDetails(ExcelReader.java:200)
	at src.in.valtech.custom.CustomFun.getTestDataSetDetails(CustomFun.java:1869)
	at src.in.valtech.config.BaseTest.setUp(BaseTest.java:166)
	at java.base/jdk.internal.reflect.NativeMethodAccessorImpl.invoke0(Native Method)
	at java.base/jdk.internal.reflect.NativeMethodAccessorImpl.invoke(NativeMethodAccessorImpl.java:77)
	at java.base/jdk.internal.reflect.DelegatingMethodAccessorImpl.invoke(DelegatingMethodAccessorImpl.java:43)
	at java.base/java.lang.reflect.Method.invoke(Method.java:568)
	at org.testng.internal.MethodInvocationHelper.invokeMethod(MethodInvocationHelper.java:85)
	at org.testng.internal.Invoker.invokeConfigurationMethod(Invoker.java:510)
	at org.testng.internal.Invoker.invokeConfigurations(Invoker.java:211)
	at org.testng.internal.Invoker.invokeConfigurations(Invoker.java:138)
	at org.testng.TestRunner.beforeRun(TestRunner.java:648)
	at org.testng.TestRunner.run(TestRunner.java:616)
	at org.testng.SuiteRunner.runTest(SuiteRunner.java:359)
	at org.testng.SuiteRunner.access$000(SuiteRunner.java:39)
	at org.testng.SuiteRunner$SuiteWorker.run(SuiteRunner.java:393)
	at org.testng.internal.thread.ThreadUtil$2.call(ThreadUtil.java:64)
	at java.base/java.util.concurrent.FutureTask.run(FutureTask.java:264)
	at java.base/java.util.concurrent.ThreadPoolExecutor.runWorker(ThreadPoolExecutor.java:1136)
	at java.base/java.util.concurrent.ThreadPoolExecutor$Worker.run(ThreadPoolExecutor.java:635)
	at java.base/java.lang.Thread.run(Thread.java:833)
]]>
    </error>
  </testcase> <!-- step60_OpenNewTabAndNavigatedtoMagentoBO -->
  <testcase classname="src.in.valtech.cl.scenarios.TC_Scenario_08" name="step86_EnteredFirstNameField" time="0.000">
    <error message="Workbook is not found - D:\ChristianLouboutin/resources/front/Automation_DS_StagingEnv1.xlsx" type="com.codoid.products.exception.FilloException">
      <![CDATA[com.codoid.products.exception.FilloException: Workbook is not found - D:\ChristianLouboutin/resources/front/Automation_DS_StagingEnv1.xlsx
	at com.codoid.products.fillo.Fillo.getConnection(Fillo.java:46)
	at src.in.valtech.util.ExcelReader.getDataConfigDetails(ExcelReader.java:200)
	at src.in.valtech.custom.CustomFun.getTestDataSetDetails(CustomFun.java:1869)
	at src.in.valtech.config.BaseTest.setUp(BaseTest.java:166)
	at java.base/jdk.internal.reflect.NativeMethodAccessorImpl.invoke0(Native Method)
	at java.base/jdk.internal.reflect.NativeMethodAccessorImpl.invoke(NativeMethodAccessorImpl.java:77)
	at java.base/jdk.internal.reflect.DelegatingMethodAccessorImpl.invoke(DelegatingMethodAccessorImpl.java:43)
	at java.base/java.lang.reflect.Method.invoke(Method.java:568)
	at org.testng.internal.MethodInvocationHelper.invokeMethod(MethodInvocationHelper.java:85)
	at org.testng.internal.Invoker.invokeConfigurationMethod(Invoker.java:510)
	at org.testng.internal.Invoker.invokeConfigurations(Invoker.java:211)
	at org.testng.internal.Invoker.invokeConfigurations(Invoker.java:138)
	at org.testng.TestRunner.beforeRun(TestRunner.java:648)
	at org.testng.TestRunner.run(TestRunner.java:616)
	at org.testng.SuiteRunner.runTest(SuiteRunner.java:359)
	at org.testng.SuiteRunner.access$000(SuiteRunner.java:39)
	at org.testng.SuiteRunner$SuiteWorker.run(SuiteRunner.java:393)
	at org.testng.internal.thread.ThreadUtil$2.call(ThreadUtil.java:64)
	at java.base/java.util.concurrent.FutureTask.run(FutureTask.java:264)
	at java.base/java.util.concurrent.ThreadPoolExecutor.runWorker(ThreadPoolExecutor.java:1136)
	at java.base/java.util.concurrent.ThreadPoolExecutor$Worker.run(ThreadPoolExecutor.java:635)
	at java.base/java.lang.Thread.run(Thread.java:833)
]]>
    </error>
  </testcase> <!-- step86_EnteredFirstNameField -->
  <testcase classname="src.in.valtech.cl.scenarios.TC_Scenario_08" name="step114_ClickOrderIDCheckbox" time="0.000">
    <error message="Workbook is not found - D:\ChristianLouboutin/resources/front/Automation_DS_StagingEnv1.xlsx" type="com.codoid.products.exception.FilloException">
      <![CDATA[com.codoid.products.exception.FilloException: Workbook is not found - D:\ChristianLouboutin/resources/front/Automation_DS_StagingEnv1.xlsx
	at com.codoid.products.fillo.Fillo.getConnection(Fillo.java:46)
	at src.in.valtech.util.ExcelReader.getDataConfigDetails(ExcelReader.java:200)
	at src.in.valtech.custom.CustomFun.getTestDataSetDetails(CustomFun.java:1869)
	at src.in.valtech.config.BaseTest.setUp(BaseTest.java:166)
	at java.base/jdk.internal.reflect.NativeMethodAccessorImpl.invoke0(Native Method)
	at java.base/jdk.internal.reflect.NativeMethodAccessorImpl.invoke(NativeMethodAccessorImpl.java:77)
	at java.base/jdk.internal.reflect.DelegatingMethodAccessorImpl.invoke(DelegatingMethodAccessorImpl.java:43)
	at java.base/java.lang.reflect.Method.invoke(Method.java:568)
	at org.testng.internal.MethodInvocationHelper.invokeMethod(MethodInvocationHelper.java:85)
	at org.testng.internal.Invoker.invokeConfigurationMethod(Invoker.java:510)
	at org.testng.internal.Invoker.invokeConfigurations(Invoker.java:211)
	at org.testng.internal.Invoker.invokeConfigurations(Invoker.java:138)
	at org.testng.TestRunner.beforeRun(TestRunner.java:648)
	at org.testng.TestRunner.run(TestRunner.java:616)
	at org.testng.SuiteRunner.runTest(SuiteRunner.java:359)
	at org.testng.SuiteRunner.access$000(SuiteRunner.java:39)
	at org.testng.SuiteRunner$SuiteWorker.run(SuiteRunner.java:393)
	at org.testng.internal.thread.ThreadUtil$2.call(ThreadUtil.java:64)
	at java.base/java.util.concurrent.FutureTask.run(FutureTask.java:264)
	at java.base/java.util.concurrent.ThreadPoolExecutor.runWorker(ThreadPoolExecutor.java:1136)
	at java.base/java.util.concurrent.ThreadPoolExecutor$Worker.run(ThreadPoolExecutor.java:635)
	at java.base/java.lang.Thread.run(Thread.java:833)
]]>
    </error>
  </testcase> <!-- step114_ClickOrderIDCheckbox -->
  <testcase classname="src.in.valtech.cl.scenarios.TC_Scenario_08" name="step163_ClickOnRMALink" time="0.000">
    <error message="Workbook is not found - D:\ChristianLouboutin/resources/front/Automation_DS_StagingEnv1.xlsx" type="com.codoid.products.exception.FilloException">
      <![CDATA[com.codoid.products.exception.FilloException: Workbook is not found - D:\ChristianLouboutin/resources/front/Automation_DS_StagingEnv1.xlsx
	at com.codoid.products.fillo.Fillo.getConnection(Fillo.java:46)
	at src.in.valtech.util.ExcelReader.getDataConfigDetails(ExcelReader.java:200)
	at src.in.valtech.custom.CustomFun.getTestDataSetDetails(CustomFun.java:1869)
	at src.in.valtech.config.BaseTest.setUp(BaseTest.java:166)
	at java.base/jdk.internal.reflect.NativeMethodAccessorImpl.invoke0(Native Method)
	at java.base/jdk.internal.reflect.NativeMethodAccessorImpl.invoke(NativeMethodAccessorImpl.java:77)
	at java.base/jdk.internal.reflect.DelegatingMethodAccessorImpl.invoke(DelegatingMethodAccessorImpl.java:43)
	at java.base/java.lang.reflect.Method.invoke(Method.java:568)
	at org.testng.internal.MethodInvocationHelper.invokeMethod(MethodInvocationHelper.java:85)
	at org.testng.internal.Invoker.invokeConfigurationMethod(Invoker.java:510)
	at org.testng.internal.Invoker.invokeConfigurations(Invoker.java:211)
	at org.testng.internal.Invoker.invokeConfigurations(Invoker.java:138)
	at org.testng.TestRunner.beforeRun(TestRunner.java:648)
	at org.testng.TestRunner.run(TestRunner.java:616)
	at org.testng.SuiteRunner.runTest(SuiteRunner.java:359)
	at org.testng.SuiteRunner.access$000(SuiteRunner.java:39)
	at org.testng.SuiteRunner$SuiteWorker.run(SuiteRunner.java:393)
	at org.testng.internal.thread.ThreadUtil$2.call(ThreadUtil.java:64)
	at java.base/java.util.concurrent.FutureTask.run(FutureTask.java:264)
	at java.base/java.util.concurrent.ThreadPoolExecutor.runWorker(ThreadPoolExecutor.java:1136)
	at java.base/java.util.concurrent.ThreadPoolExecutor$Worker.run(ThreadPoolExecutor.java:635)
	at java.base/java.lang.Thread.run(Thread.java:833)
]]>
    </error>
  </testcase> <!-- step163_ClickOnRMALink -->
  <testcase classname="src.in.valtech.cl.scenarios.TC_Scenario_08" name="step160_ClickOrderstxtFromSalesIcon" time="0.000">
    <error message="Workbook is not found - D:\ChristianLouboutin/resources/front/Automation_DS_StagingEnv1.xlsx" type="com.codoid.products.exception.FilloException">
      <![CDATA[com.codoid.products.exception.FilloException: Workbook is not found - D:\ChristianLouboutin/resources/front/Automation_DS_StagingEnv1.xlsx
	at com.codoid.products.fillo.Fillo.getConnection(Fillo.java:46)
	at src.in.valtech.util.ExcelReader.getDataConfigDetails(ExcelReader.java:200)
	at src.in.valtech.custom.CustomFun.getTestDataSetDetails(CustomFun.java:1869)
	at src.in.valtech.config.BaseTest.setUp(BaseTest.java:166)
	at java.base/jdk.internal.reflect.NativeMethodAccessorImpl.invoke0(Native Method)
	at java.base/jdk.internal.reflect.NativeMethodAccessorImpl.invoke(NativeMethodAccessorImpl.java:77)
	at java.base/jdk.internal.reflect.DelegatingMethodAccessorImpl.invoke(DelegatingMethodAccessorImpl.java:43)
	at java.base/java.lang.reflect.Method.invoke(Method.java:568)
	at org.testng.internal.MethodInvocationHelper.invokeMethod(MethodInvocationHelper.java:85)
	at org.testng.internal.Invoker.invokeConfigurationMethod(Invoker.java:510)
	at org.testng.internal.Invoker.invokeConfigurations(Invoker.java:211)
	at org.testng.internal.Invoker.invokeConfigurations(Invoker.java:138)
	at org.testng.TestRunner.beforeRun(TestRunner.java:648)
	at org.testng.TestRunner.run(TestRunner.java:616)
	at org.testng.SuiteRunner.runTest(SuiteRunner.java:359)
	at org.testng.SuiteRunner.access$000(SuiteRunner.java:39)
	at org.testng.SuiteRunner$SuiteWorker.run(SuiteRunner.java:393)
	at org.testng.internal.thread.ThreadUtil$2.call(ThreadUtil.java:64)
	at java.base/java.util.concurrent.FutureTask.run(FutureTask.java:264)
	at java.base/java.util.concurrent.ThreadPoolExecutor.runWorker(ThreadPoolExecutor.java:1136)
	at java.base/java.util.concurrent.ThreadPoolExecutor$Worker.run(ThreadPoolExecutor.java:635)
	at java.base/java.lang.Thread.run(Thread.java:833)
]]>
    </error>
  </testcase> <!-- step160_ClickOrderstxtFromSalesIcon -->
  <testcase classname="src.in.valtech.cl.scenarios.TC_Scenario_08" name="step202_ComparedSeleableStockInWMSAndBOBothAreSameAfterRefundTheOrder" time="0.000">
    <error message="Workbook is not found - D:\ChristianLouboutin/resources/front/Automation_DS_StagingEnv1.xlsx" type="com.codoid.products.exception.FilloException">
      <![CDATA[com.codoid.products.exception.FilloException: Workbook is not found - D:\ChristianLouboutin/resources/front/Automation_DS_StagingEnv1.xlsx
	at com.codoid.products.fillo.Fillo.getConnection(Fillo.java:46)
	at src.in.valtech.util.ExcelReader.getDataConfigDetails(ExcelReader.java:200)
	at src.in.valtech.custom.CustomFun.getTestDataSetDetails(CustomFun.java:1869)
	at src.in.valtech.config.BaseTest.setUp(BaseTest.java:166)
	at java.base/jdk.internal.reflect.NativeMethodAccessorImpl.invoke0(Native Method)
	at java.base/jdk.internal.reflect.NativeMethodAccessorImpl.invoke(NativeMethodAccessorImpl.java:77)
	at java.base/jdk.internal.reflect.DelegatingMethodAccessorImpl.invoke(DelegatingMethodAccessorImpl.java:43)
	at java.base/java.lang.reflect.Method.invoke(Method.java:568)
	at org.testng.internal.MethodInvocationHelper.invokeMethod(MethodInvocationHelper.java:85)
	at org.testng.internal.Invoker.invokeConfigurationMethod(Invoker.java:510)
	at org.testng.internal.Invoker.invokeConfigurations(Invoker.java:211)
	at org.testng.internal.Invoker.invokeConfigurations(Invoker.java:138)
	at org.testng.TestRunner.beforeRun(TestRunner.java:648)
	at org.testng.TestRunner.run(TestRunner.java:616)
	at org.testng.SuiteRunner.runTest(SuiteRunner.java:359)
	at org.testng.SuiteRunner.access$000(SuiteRunner.java:39)
	at org.testng.SuiteRunner$SuiteWorker.run(SuiteRunner.java:393)
	at org.testng.internal.thread.ThreadUtil$2.call(ThreadUtil.java:64)
	at java.base/java.util.concurrent.FutureTask.run(FutureTask.java:264)
	at java.base/java.util.concurrent.ThreadPoolExecutor.runWorker(ThreadPoolExecutor.java:1136)
	at java.base/java.util.concurrent.ThreadPoolExecutor$Worker.run(ThreadPoolExecutor.java:635)
	at java.base/java.lang.Thread.run(Thread.java:833)
]]>
    </error>
  </testcase> <!-- step202_ComparedSeleableStockInWMSAndBOBothAreSameAfterRefundTheOrder -->
  <testcase classname="src.in.valtech.cl.scenarios.TC_Scenario_08" name="step197_ClickOnMyOrdersLink" time="0.000">
    <error message="Workbook is not found - D:\ChristianLouboutin/resources/front/Automation_DS_StagingEnv1.xlsx" type="com.codoid.products.exception.FilloException">
      <![CDATA[com.codoid.products.exception.FilloException: Workbook is not found - D:\ChristianLouboutin/resources/front/Automation_DS_StagingEnv1.xlsx
	at com.codoid.products.fillo.Fillo.getConnection(Fillo.java:46)
	at src.in.valtech.util.ExcelReader.getDataConfigDetails(ExcelReader.java:200)
	at src.in.valtech.custom.CustomFun.getTestDataSetDetails(CustomFun.java:1869)
	at src.in.valtech.config.BaseTest.setUp(BaseTest.java:166)
	at java.base/jdk.internal.reflect.NativeMethodAccessorImpl.invoke0(Native Method)
	at java.base/jdk.internal.reflect.NativeMethodAccessorImpl.invoke(NativeMethodAccessorImpl.java:77)
	at java.base/jdk.internal.reflect.DelegatingMethodAccessorImpl.invoke(DelegatingMethodAccessorImpl.java:43)
	at java.base/java.lang.reflect.Method.invoke(Method.java:568)
	at org.testng.internal.MethodInvocationHelper.invokeMethod(MethodInvocationHelper.java:85)
	at org.testng.internal.Invoker.invokeConfigurationMethod(Invoker.java:510)
	at org.testng.internal.Invoker.invokeConfigurations(Invoker.java:211)
	at org.testng.internal.Invoker.invokeConfigurations(Invoker.java:138)
	at org.testng.TestRunner.beforeRun(TestRunner.java:648)
	at org.testng.TestRunner.run(TestRunner.java:616)
	at org.testng.SuiteRunner.runTest(SuiteRunner.java:359)
	at org.testng.SuiteRunner.access$000(SuiteRunner.java:39)
	at org.testng.SuiteRunner$SuiteWorker.run(SuiteRunner.java:393)
	at org.testng.internal.thread.ThreadUtil$2.call(ThreadUtil.java:64)
	at java.base/java.util.concurrent.FutureTask.run(FutureTask.java:264)
	at java.base/java.util.concurrent.ThreadPoolExecutor.runWorker(ThreadPoolExecutor.java:1136)
	at java.base/java.util.concurrent.ThreadPoolExecutor$Worker.run(ThreadPoolExecutor.java:635)
	at java.base/java.lang.Thread.run(Thread.java:833)
]]>
    </error>
  </testcase> <!-- step197_ClickOnMyOrdersLink -->
  <testcase classname="src.in.valtech.cl.scenarios.TC_Scenario_08" name="step21_ClickCreateCustomerAccountBtn" time="0.000">
    <error message="Workbook is not found - D:\ChristianLouboutin/resources/front/Automation_DS_StagingEnv1.xlsx" type="com.codoid.products.exception.FilloException">
      <![CDATA[com.codoid.products.exception.FilloException: Workbook is not found - D:\ChristianLouboutin/resources/front/Automation_DS_StagingEnv1.xlsx
	at com.codoid.products.fillo.Fillo.getConnection(Fillo.java:46)
	at src.in.valtech.util.ExcelReader.getDataConfigDetails(ExcelReader.java:200)
	at src.in.valtech.custom.CustomFun.getTestDataSetDetails(CustomFun.java:1869)
	at src.in.valtech.config.BaseTest.setUp(BaseTest.java:166)
	at java.base/jdk.internal.reflect.NativeMethodAccessorImpl.invoke0(Native Method)
	at java.base/jdk.internal.reflect.NativeMethodAccessorImpl.invoke(NativeMethodAccessorImpl.java:77)
	at java.base/jdk.internal.reflect.DelegatingMethodAccessorImpl.invoke(DelegatingMethodAccessorImpl.java:43)
	at java.base/java.lang.reflect.Method.invoke(Method.java:568)
	at org.testng.internal.MethodInvocationHelper.invokeMethod(MethodInvocationHelper.java:85)
	at org.testng.internal.Invoker.invokeConfigurationMethod(Invoker.java:510)
	at org.testng.internal.Invoker.invokeConfigurations(Invoker.java:211)
	at org.testng.internal.Invoker.invokeConfigurations(Invoker.java:138)
	at org.testng.TestRunner.beforeRun(TestRunner.java:648)
	at org.testng.TestRunner.run(TestRunner.java:616)
	at org.testng.SuiteRunner.runTest(SuiteRunner.java:359)
	at org.testng.SuiteRunner.access$000(SuiteRunner.java:39)
	at org.testng.SuiteRunner$SuiteWorker.run(SuiteRunner.java:393)
	at org.testng.internal.thread.ThreadUtil$2.call(ThreadUtil.java:64)
	at java.base/java.util.concurrent.FutureTask.run(FutureTask.java:264)
	at java.base/java.util.concurrent.ThreadPoolExecutor.runWorker(ThreadPoolExecutor.java:1136)
	at java.base/java.util.concurrent.ThreadPoolExecutor$Worker.run(ThreadPoolExecutor.java:635)
	at java.base/java.lang.Thread.run(Thread.java:833)
]]>
    </error>
  </testcase> <!-- step21_ClickCreateCustomerAccountBtn -->
  <testcase classname="src.in.valtech.cl.scenarios.TC_Scenario_08" name="step113_ClickCaseMgmtOPtionINAdyen" time="0.000">
    <error message="Workbook is not found - D:\ChristianLouboutin/resources/front/Automation_DS_StagingEnv1.xlsx" type="com.codoid.products.exception.FilloException">
      <![CDATA[com.codoid.products.exception.FilloException: Workbook is not found - D:\ChristianLouboutin/resources/front/Automation_DS_StagingEnv1.xlsx
	at com.codoid.products.fillo.Fillo.getConnection(Fillo.java:46)
	at src.in.valtech.util.ExcelReader.getDataConfigDetails(ExcelReader.java:200)
	at src.in.valtech.custom.CustomFun.getTestDataSetDetails(CustomFun.java:1869)
	at src.in.valtech.config.BaseTest.setUp(BaseTest.java:166)
	at java.base/jdk.internal.reflect.NativeMethodAccessorImpl.invoke0(Native Method)
	at java.base/jdk.internal.reflect.NativeMethodAccessorImpl.invoke(NativeMethodAccessorImpl.java:77)
	at java.base/jdk.internal.reflect.DelegatingMethodAccessorImpl.invoke(DelegatingMethodAccessorImpl.java:43)
	at java.base/java.lang.reflect.Method.invoke(Method.java:568)
	at org.testng.internal.MethodInvocationHelper.invokeMethod(MethodInvocationHelper.java:85)
	at org.testng.internal.Invoker.invokeConfigurationMethod(Invoker.java:510)
	at org.testng.internal.Invoker.invokeConfigurations(Invoker.java:211)
	at org.testng.internal.Invoker.invokeConfigurations(Invoker.java:138)
	at org.testng.TestRunner.beforeRun(TestRunner.java:648)
	at org.testng.TestRunner.run(TestRunner.java:616)
	at org.testng.SuiteRunner.runTest(SuiteRunner.java:359)
	at org.testng.SuiteRunner.access$000(SuiteRunner.java:39)
	at org.testng.SuiteRunner$SuiteWorker.run(SuiteRunner.java:393)
	at org.testng.internal.thread.ThreadUtil$2.call(ThreadUtil.java:64)
	at java.base/java.util.concurrent.FutureTask.run(FutureTask.java:264)
	at java.base/java.util.concurrent.ThreadPoolExecutor.runWorker(ThreadPoolExecutor.java:1136)
	at java.base/java.util.concurrent.ThreadPoolExecutor$Worker.run(ThreadPoolExecutor.java:635)
	at java.base/java.lang.Thread.run(Thread.java:833)
]]>
    </error>
  </testcase> <!-- step113_ClickCaseMgmtOPtionINAdyen -->
  <testcase classname="src.in.valtech.cl.scenarios.TC_Scenario_08" name="step123_NavigatedIntoWMSAndGetBarcodeFromPickingProcess" time="0.000">
    <error message="Workbook is not found - D:\ChristianLouboutin/resources/front/Automation_DS_StagingEnv1.xlsx" type="com.codoid.products.exception.FilloException">
      <![CDATA[com.codoid.products.exception.FilloException: Workbook is not found - D:\ChristianLouboutin/resources/front/Automation_DS_StagingEnv1.xlsx
	at com.codoid.products.fillo.Fillo.getConnection(Fillo.java:46)
	at src.in.valtech.util.ExcelReader.getDataConfigDetails(ExcelReader.java:200)
	at src.in.valtech.custom.CustomFun.getTestDataSetDetails(CustomFun.java:1869)
	at src.in.valtech.config.BaseTest.setUp(BaseTest.java:166)
	at java.base/jdk.internal.reflect.NativeMethodAccessorImpl.invoke0(Native Method)
	at java.base/jdk.internal.reflect.NativeMethodAccessorImpl.invoke(NativeMethodAccessorImpl.java:77)
	at java.base/jdk.internal.reflect.DelegatingMethodAccessorImpl.invoke(DelegatingMethodAccessorImpl.java:43)
	at java.base/java.lang.reflect.Method.invoke(Method.java:568)
	at org.testng.internal.MethodInvocationHelper.invokeMethod(MethodInvocationHelper.java:85)
	at org.testng.internal.Invoker.invokeConfigurationMethod(Invoker.java:510)
	at org.testng.internal.Invoker.invokeConfigurations(Invoker.java:211)
	at org.testng.internal.Invoker.invokeConfigurations(Invoker.java:138)
	at org.testng.TestRunner.beforeRun(TestRunner.java:648)
	at org.testng.TestRunner.run(TestRunner.java:616)
	at org.testng.SuiteRunner.runTest(SuiteRunner.java:359)
	at org.testng.SuiteRunner.access$000(SuiteRunner.java:39)
	at org.testng.SuiteRunner$SuiteWorker.run(SuiteRunner.java:393)
	at org.testng.internal.thread.ThreadUtil$2.call(ThreadUtil.java:64)
	at java.base/java.util.concurrent.FutureTask.run(FutureTask.java:264)
	at java.base/java.util.concurrent.ThreadPoolExecutor.runWorker(ThreadPoolExecutor.java:1136)
	at java.base/java.util.concurrent.ThreadPoolExecutor$Worker.run(ThreadPoolExecutor.java:635)
	at java.base/java.lang.Thread.run(Thread.java:833)
]]>
    </error>
  </testcase> <!-- step123_NavigatedIntoWMSAndGetBarcodeFromPickingProcess -->
  <testcase classname="src.in.valtech.cl.scenarios.TC_Scenario_08" name="step45_ClickOnProductImg" time="0.000">
    <error message="Workbook is not found - D:\ChristianLouboutin/resources/front/Automation_DS_StagingEnv1.xlsx" type="com.codoid.products.exception.FilloException">
      <![CDATA[com.codoid.products.exception.FilloException: Workbook is not found - D:\ChristianLouboutin/resources/front/Automation_DS_StagingEnv1.xlsx
	at com.codoid.products.fillo.Fillo.getConnection(Fillo.java:46)
	at src.in.valtech.util.ExcelReader.getDataConfigDetails(ExcelReader.java:200)
	at src.in.valtech.custom.CustomFun.getTestDataSetDetails(CustomFun.java:1869)
	at src.in.valtech.config.BaseTest.setUp(BaseTest.java:166)
	at java.base/jdk.internal.reflect.NativeMethodAccessorImpl.invoke0(Native Method)
	at java.base/jdk.internal.reflect.NativeMethodAccessorImpl.invoke(NativeMethodAccessorImpl.java:77)
	at java.base/jdk.internal.reflect.DelegatingMethodAccessorImpl.invoke(DelegatingMethodAccessorImpl.java:43)
	at java.base/java.lang.reflect.Method.invoke(Method.java:568)
	at org.testng.internal.MethodInvocationHelper.invokeMethod(MethodInvocationHelper.java:85)
	at org.testng.internal.Invoker.invokeConfigurationMethod(Invoker.java:510)
	at org.testng.internal.Invoker.invokeConfigurations(Invoker.java:211)
	at org.testng.internal.Invoker.invokeConfigurations(Invoker.java:138)
	at org.testng.TestRunner.beforeRun(TestRunner.java:648)
	at org.testng.TestRunner.run(TestRunner.java:616)
	at org.testng.SuiteRunner.runTest(SuiteRunner.java:359)
	at org.testng.SuiteRunner.access$000(SuiteRunner.java:39)
	at org.testng.SuiteRunner$SuiteWorker.run(SuiteRunner.java:393)
	at org.testng.internal.thread.ThreadUtil$2.call(ThreadUtil.java:64)
	at java.base/java.util.concurrent.FutureTask.run(FutureTask.java:264)
	at java.base/java.util.concurrent.ThreadPoolExecutor.runWorker(ThreadPoolExecutor.java:1136)
	at java.base/java.util.concurrent.ThreadPoolExecutor$Worker.run(ThreadPoolExecutor.java:635)
	at java.base/java.lang.Thread.run(Thread.java:833)
]]>
    </error>
  </testcase> <!-- step45_ClickOnProductImg -->
  <testcase classname="src.in.valtech.cl.scenarios.TC_Scenario_08" name="step72_EnteredAddressField" time="0.000">
    <error message="Workbook is not found - D:\ChristianLouboutin/resources/front/Automation_DS_StagingEnv1.xlsx" type="com.codoid.products.exception.FilloException">
[...]
	at org.testng.SuiteRunner.runTest(SuiteRunner.java:359)
	at org.testng.SuiteRunner.access$000(SuiteRunner.java:39)
	at org.testng.SuiteRunner$SuiteWorker.run(SuiteRunner.java:393)
	at org.testng.internal.thread.ThreadUtil$2.call(ThreadUtil.java:64)
	at java.base/java.util.concurrent.FutureTask.run(FutureTask.java:264)
	at java.base/java.util.concurrent.ThreadPoolExecutor.runWorker(ThreadPoolExecutor.java:1136)
	at java.base/java.util.concurrent.ThreadPoolExecutor$Worker.run(ThreadPoolExecutor.java:635)
	at java.base/java.lang.Thread.run(Thread.java:833)
]]>
    </error>
  </testcase> <!-- step204_VerifyOrderConfirmationMailContents -->
  <testcase classname="src.in.valtech.cl.scenarios.TC_Scenario_08" name="step168_ReturnstxtFromSalesIconClick" time="0.000">
    <error message="Workbook is not found - D:\ChristianLouboutin/resources/front/Automation_DS_StagingEnv1.xlsx" type="com.codoid.products.exception.FilloException">
      <![CDATA[com.codoid.products.exception.FilloException: Workbook is not found - D:\ChristianLouboutin/resources/front/Automation_DS_StagingEnv1.xlsx
	at com.codoid.products.fillo.Fillo.getConnection(Fillo.java:46)
	at src.in.valtech.util.ExcelReader.getDataConfigDetails(ExcelReader.java:200)
	at src.in.valtech.custom.CustomFun.getTestDataSetDetails(CustomFun.java:1869)
	at src.in.valtech.config.BaseTest.setUp(BaseTest.java:166)
	at java.base/jdk.internal.reflect.NativeMethodAccessorImpl.invoke0(Native Method)
	at java.base/jdk.internal.reflect.NativeMethodAccessorImpl.invoke(NativeMethodAccessorImpl.java:77)
	at java.base/jdk.internal.reflect.DelegatingMethodAccessorImpl.invoke(DelegatingMethodAccessorImpl.java:43)
	at java.base/java.lang.reflect.Method.invoke(Method.java:568)
	at org.testng.internal.MethodInvocationHelper.invokeMethod(MethodInvocationHelper.java:85)
	at org.testng.internal.Invoker.invokeConfigurationMethod(Invoker.java:510)
	at org.testng.internal.Invoker.invokeConfigurations(Invoker.java:211)
	at org.testng.internal.Invoker.invokeConfigurations(Invoker.java:138)
	at org.testng.TestRunner.beforeRun(TestRunner.java:648)
	at org.testng.TestRunner.run(TestRunner.java:616)
	at org.testng.SuiteRunner.runTest(SuiteRunner.java:359)
	at org.testng.SuiteRunner.access$000(SuiteRunner.java:39)
	at org.testng.SuiteRunner$SuiteWorker.run(SuiteRunner.java:393)
	at org.testng.internal.thread.ThreadUtil$2.call(ThreadUtil.java:64)
	at java.base/java.util.concurrent.FutureTask.run(FutureTask.java:264)
	at java.base/java.util.concurrent.ThreadPoolExecutor.runWorker(ThreadPoolExecutor.java:1136)
	at java.base/java.util.concurrent.ThreadPoolExecutor$Worker.run(ThreadPoolExecutor.java:635)
	at java.base/java.lang.Thread.run(Thread.java:833)
]]>
    </error>
  </testcase> <!-- step168_ReturnstxtFromSalesIconClick -->
  <testcase classname="src.in.valtech.cl.scenarios.TC_Scenario_08" name="step74_EnteredCityField" time="0.000">
    <error message="Workbook is not found - D:\ChristianLouboutin/resources/front/Automation_DS_StagingEnv1.xlsx" type="com.codoid.products.exception.FilloException">
      <![CDATA[com.codoid.products.exception.FilloException: Workbook is not found - D:\ChristianLouboutin/resources/front/Automation_DS_StagingEnv1.xlsx
	at com.codoid.products.fillo.Fillo.getConnection(Fillo.java:46)
	at src.in.valtech.util.ExcelReader.getDataConfigDetails(ExcelReader.java:200)
	at src.in.valtech.custom.CustomFun.getTestDataSetDetails(CustomFun.java:1869)
	at src.in.valtech.config.BaseTest.setUp(BaseTest.java:166)
	at java.base/jdk.internal.reflect.NativeMethodAccessorImpl.invoke0(Native Method)
	at java.base/jdk.internal.reflect.NativeMethodAccessorImpl.invoke(NativeMethodAccessorImpl.java:77)
	at java.base/jdk.internal.reflect.DelegatingMethodAccessorImpl.invoke(DelegatingMethodAccessorImpl.java:43)
	at java.base/java.lang.reflect.Method.invoke(Method.java:568)
	at org.testng.internal.MethodInvocationHelper.invokeMethod(MethodInvocationHelper.java:85)
	at org.testng.internal.Invoker.invokeConfigurationMethod(Invoker.java:510)
	at org.testng.internal.Invoker.invokeConfigurations(Invoker.java:211)
	at org.testng.internal.Invoker.invokeConfigurations(Invoker.java:138)
	at org.testng.TestRunner.beforeRun(TestRunner.java:648)
	at org.testng.TestRunner.run(TestRunner.java:616)
	at org.testng.SuiteRunner.runTest(SuiteRunner.java:359)
	at org.testng.SuiteRunner.access$000(SuiteRunner.java:39)
	at org.testng.SuiteRunner$SuiteWorker.run(SuiteRunner.java:393)
	at org.testng.internal.thread.ThreadUtil$2.call(ThreadUtil.java:64)
	at java.base/java.util.concurrent.FutureTask.run(FutureTask.java:264)
	at java.base/java.util.concurrent.ThreadPoolExecutor.runWorker(ThreadPoolExecutor.java:1136)
	at java.base/java.util.concurrent.ThreadPoolExecutor$Worker.run(ThreadPoolExecutor.java:635)
	at java.base/java.lang.Thread.run(Thread.java:833)
]]>
    </error>
  </testcase> <!-- step74_EnteredCityField -->
  <testcase classname="src.in.valtech.cl.scenarios.TC_Scenario_08" name="step39_ClickonAddToCartButton" time="0.000">
    <error message="Workbook is not found - D:\ChristianLouboutin/resources/front/Automation_DS_StagingEnv1.xlsx" type="com.codoid.products.exception.FilloException">
      <![CDATA[com.codoid.products.exception.FilloException: Workbook is not found - D:\ChristianLouboutin/resources/front/Automation_DS_StagingEnv1.xlsx
	at com.codoid.products.fillo.Fillo.getConnection(Fillo.java:46)
	at src.in.valtech.util.ExcelReader.getDataConfigDetails(ExcelReader.java:200)
	at src.in.valtech.custom.CustomFun.getTestDataSetDetails(CustomFun.java:1869)
	at src.in.valtech.config.BaseTest.setUp(BaseTest.java:166)
	at java.base/jdk.internal.reflect.NativeMethodAccessorImpl.invoke0(Native Method)
	at java.base/jdk.internal.reflect.NativeMethodAccessorImpl.invoke(NativeMethodAccessorImpl.java:77)
	at java.base/jdk.internal.reflect.DelegatingMethodAccessorImpl.invoke(DelegatingMethodAccessorImpl.java:43)
	at java.base/java.lang.reflect.Method.invoke(Method.java:568)
	at org.testng.internal.MethodInvocationHelper.invokeMethod(MethodInvocationHelper.java:85)
	at org.testng.internal.Invoker.invokeConfigurationMethod(Invoker.java:510)
	at org.testng.internal.Invoker.invokeConfigurations(Invoker.java:211)
	at org.testng.internal.Invoker.invokeConfigurations(Invoker.java:138)
	at org.testng.TestRunner.beforeRun(TestRunner.java:648)
	at org.testng.TestRunner.run(TestRunner.java:616)
	at org.testng.SuiteRunner.runTest(SuiteRunner.java:359)
	at org.testng.SuiteRunner.access$000(SuiteRunner.java:39)
	at org.testng.SuiteRunner$SuiteWorker.run(SuiteRunner.java:393)
	at org.testng.internal.thread.ThreadUtil$2.call(ThreadUtil.java:64)
	at java.base/java.util.concurrent.FutureTask.run(FutureTask.java:264)
	at java.base/java.util.concurrent.ThreadPoolExecutor.runWorker(ThreadPoolExecutor.java:1136)
	at java.base/java.util.concurrent.ThreadPoolExecutor$Worker.run(ThreadPoolExecutor.java:635)
	at java.base/java.lang.Thread.run(Thread.java:833)
]]>
    </error>
  </testcase> <!-- step39_ClickonAddToCartButton -->
  <testcase classname="src.in.valtech.cl.scenarios.TC_Scenario_08" name="step200_VerifySignOutMsg" time="0.000">
    <error message="Workbook is not found - D:\ChristianLouboutin/resources/front/Automation_DS_StagingEnv1.xlsx" type="com.codoid.products.exception.FilloException">
      <![CDATA[com.codoid.products.exception.FilloException: Workbook is not found - D:\ChristianLouboutin/resources/front/Automation_DS_StagingEnv1.xlsx
	at com.codoid.products.fillo.Fillo.getConnection(Fillo.java:46)
	at src.in.valtech.util.ExcelReader.getDataConfigDetails(ExcelReader.java:200)
	at src.in.valtech.custom.CustomFun.getTestDataSetDetails(CustomFun.java:1869)
	at src.in.valtech.config.BaseTest.setUp(BaseTest.java:166)
	at java.base/jdk.internal.reflect.NativeMethodAccessorImpl.invoke0(Native Method)
	at java.base/jdk.internal.reflect.NativeMethodAccessorImpl.invoke(NativeMethodAccessorImpl.java:77)
	at java.base/jdk.internal.reflect.DelegatingMethodAccessorImpl.invoke(DelegatingMethodAccessorImpl.java:43)
	at java.base/java.lang.reflect.Method.invoke(Method.java:568)
	at org.testng.internal.MethodInvocationHelper.invokeMethod(MethodInvocationHelper.java:85)
	at org.testng.internal.Invoker.invokeConfigurationMethod(Invoker.java:510)
	at org.testng.internal.Invoker.invokeConfigurations(Invoker.java:211)
	at org.testng.internal.Invoker.invokeConfigurations(Invoker.java:138)
	at org.testng.TestRunner.beforeRun(TestRunner.java:648)
	at org.testng.TestRunner.run(TestRunner.java:616)
	at org.testng.SuiteRunner.runTest(SuiteRunner.java:359)
	at org.testng.SuiteRunner.access$000(SuiteRunner.java:39)
	at org.testng.SuiteRunner$SuiteWorker.run(SuiteRunner.java:393)
	at org.testng.internal.thread.ThreadUtil$2.call(ThreadUtil.java:64)
	at java.base/java.util.concurrent.FutureTask.run(FutureTask.java:264)
	at java.base/java.util.concurrent.ThreadPoolExecutor.runWorker(ThreadPoolExecutor.java:1136)
	at java.base/java.util.concurrent.ThreadPoolExecutor$Worker.run(ThreadPoolExecutor.java:635)
	at java.base/java.lang.Thread.run(Thread.java:833)
]]>
    </error>
  </testcase> <!-- step200_VerifySignOutMsg -->
  <testcase classname="src.in.valtech.cl.scenarios.TC_Scenario_08" name="step30_VerifiedProductBrandNametxtInPDP" time="0.000">
    <error message="Workbook is not found - D:\ChristianLouboutin/resources/front/Automation_DS_StagingEnv1.xlsx" type="com.codoid.products.exception.FilloException">
      <![CDATA[com.codoid.products.exception.FilloException: Workbook is not found - D:\ChristianLouboutin/resources/front/Automation_DS_StagingEnv1.xlsx
	at com.codoid.products.fillo.Fillo.getConnection(Fillo.java:46)
	at src.in.valtech.util.ExcelReader.getDataConfigDetails(ExcelReader.java:200)
	at src.in.valtech.custom.CustomFun.getTestDataSetDetails(CustomFun.java:1869)
	at src.in.valtech.config.BaseTest.setUp(BaseTest.java:166)
	at java.base/jdk.internal.reflect.NativeMethodAccessorImpl.invoke0(Native Method)
	at java.base/jdk.internal.reflect.NativeMethodAccessorImpl.invoke(NativeMethodAccessorImpl.java:77)
	at java.base/jdk.internal.reflect.DelegatingMethodAccessorImpl.invoke(DelegatingMethodAccessorImpl.java:43)
	at java.base/java.lang.reflect.Method.invoke(Method.java:568)
	at org.testng.internal.MethodInvocationHelper.invokeMethod(MethodInvocationHelper.java:85)
	at org.testng.internal.Invoker.invokeConfigurationMethod(Invoker.java:510)
	at org.testng.internal.Invoker.invokeConfigurations(Invoker.java:211)
	at org.testng.internal.Invoker.invokeConfigurations(Invoker.java:138)
	at org.testng.TestRunner.beforeRun(TestRunner.java:648)
	at org.testng.TestRunner.run(TestRunner.java:616)
	at org.testng.SuiteRunner.runTest(SuiteRunner.java:359)
	at org.testng.SuiteRunner.access$000(SuiteRunner.java:39)
	at org.testng.SuiteRunner$SuiteWorker.run(SuiteRunner.java:393)
	at org.testng.internal.thread.ThreadUtil$2.call(ThreadUtil.java:64)
	at java.base/java.util.concurrent.FutureTask.run(FutureTask.java:264)
	at java.base/java.util.concurrent.ThreadPoolExecutor.runWorker(ThreadPoolExecutor.java:1136)
	at java.base/java.util.concurrent.ThreadPoolExecutor$Worker.run(ThreadPoolExecutor.java:635)
	at java.base/java.lang.Thread.run(Thread.java:833)
]]>
    </error>
  </testcase> <!-- step30_VerifiedProductBrandNametxtInPDP -->
  <testcase classname="src.in.valtech.cl.scenarios.TC_Scenario_08" name="step125_NaviagtedIntoFOAndVerifiedOrderStatusInMyOrdersPage" time="0.000">
    <error message="Workbook is not found - D:\ChristianLouboutin/resources/front/Automation_DS_StagingEnv1.xlsx" type="com.codoid.products.exception.FilloException">
      <![CDATA[com.codoid.products.exception.FilloException: Workbook is not found - D:\ChristianLouboutin/resources/front/Automation_DS_StagingEnv1.xlsx
	at com.codoid.products.fillo.Fillo.getConnection(Fillo.java:46)
	at src.in.valtech.util.ExcelReader.getDataConfigDetails(ExcelReader.java:200)
	at src.in.valtech.custom.CustomFun.getTestDataSetDetails(CustomFun.java:1869)
	at src.in.valtech.config.BaseTest.setUp(BaseTest.java:166)
	at java.base/jdk.internal.reflect.NativeMethodAccessorImpl.invoke0(Native Method)
	at java.base/jdk.internal.reflect.NativeMethodAccessorImpl.invoke(NativeMethodAccessorImpl.java:77)
	at java.base/jdk.internal.reflect.DelegatingMethodAccessorImpl.invoke(DelegatingMethodAccessorImpl.java:43)
	at java.base/java.lang.reflect.Method.invoke(Method.java:568)
	at org.testng.internal.MethodInvocationHelper.invokeMethod(MethodInvocationHelper.java:85)
	at org.testng.internal.Invoker.invokeConfigurationMethod(Invoker.java:510)
	at org.testng.internal.Invoker.invokeConfigurations(Invoker.java:211)
	at org.testng.internal.Invoker.invokeConfigurations(Invoker.java:138)
	at org.testng.TestRunner.beforeRun(TestRunner.java:648)
	at org.testng.TestRunner.run(TestRunner.java:616)
	at org.testng.SuiteRunner.runTest(SuiteRunner.java:359)
	at org.testng.SuiteRunner.access$000(SuiteRunner.java:39)
	at org.testng.SuiteRunner$SuiteWorker.run(SuiteRunner.java:393)
	at org.testng.internal.thread.ThreadUtil$2.call(ThreadUtil.java:64)
	at java.base/java.util.concurrent.FutureTask.run(FutureTask.java:264)
	at java.base/java.util.concurrent.ThreadPoolExecutor.runWorker(ThreadPoolExecutor.java:1136)
	at java.base/java.util.concurrent.ThreadPoolExecutor$Worker.run(ThreadPoolExecutor.java:635)
	at java.base/java.lang.Thread.run(Thread.java:833)
]]>
    </error>
  </testcase> <!-- step125_NaviagtedIntoFOAndVerifiedOrderStatusInMyOrdersPage -->
  <testcase classname="src.in.valtech.cl.scenarios.TC_Scenario_08" name="step190_ClickOnSalesIcon" time="0.000">
    <error message="Workbook is not found - D:\ChristianLouboutin/resources/front/Automation_DS_StagingEnv1.xlsx" type="com.codoid.products.exception.FilloException">
      <![CDATA[com.codoid.products.exception.FilloException: Workbook is not found - D:\ChristianLouboutin/resources/front/Automation_DS_StagingEnv1.xlsx
	at com.codoid.products.fillo.Fillo.getConnection(Fillo.java:46)
	at src.in.valtech.util.ExcelReader.getDataConfigDetails(ExcelReader.java:200)
	at src.in.valtech.custom.CustomFun.getTestDataSetDetails(CustomFun.java:1869)
	at src.in.valtech.config.BaseTest.setUp(BaseTest.java:166)
	at java.base/jdk.internal.reflect.NativeMethodAccessorImpl.invoke0(Native Method)
	at java.base/jdk.internal.reflect.NativeMethodAccessorImpl.invoke(NativeMethodAccessorImpl.java:77)
	at java.base/jdk.internal.reflect.DelegatingMethodAccessorImpl.invoke(DelegatingMethodAccessorImpl.java:43)
	at java.base/java.lang.reflect.Method.invoke(Method.java:568)
	at org.testng.internal.MethodInvocationHelper.invokeMethod(MethodInvocationHelper.java:85)
	at org.testng.internal.Invoker.invokeConfigurationMethod(Invoker.java:510)
	at org.testng.internal.Invoker.invokeConfigurations(Invoker.java:211)
	at org.testng.internal.Invoker.invokeConfigurations(Invoker.java:138)
	at org.testng.TestRunner.beforeRun(TestRunner.java:648)
	at org.testng.TestRunner.run(TestRunner.java:616)
	at org.testng.SuiteRunner.runTest(SuiteRunner.java:359)
	at org.testng.SuiteRunner.access$000(SuiteRunner.java:39)
	at org.testng.SuiteRunner$SuiteWorker.run(SuiteRunner.java:393)
	at org.testng.internal.thread.ThreadUtil$2.call(ThreadUtil.java:64)
	at java.base/java.util.concurrent.FutureTask.run(FutureTask.java:264)
	at java.base/java.util.concurrent.ThreadPoolExecutor.runWorker(ThreadPoolExecutor.java:1136)
	at java.base/java.util.concurrent.ThreadPoolExecutor$Worker.run(ThreadPoolExecutor.java:635)
	at java.base/java.lang.Thread.run(Thread.java:833)
]]>
    </error>
  </testcase> <!-- step190_ClickOnSalesIcon -->
  <testcase classname="src.in.valtech.cl.scenarios.TC_Scenario_08" name="step127_EnteredBarcodeAndSearchForPacking" time="0.000">
    <error message="Workbook is not found - D:\ChristianLouboutin/resources/front/Automation_DS_StagingEnv1.xlsx" type="com.codoid.products.exception.FilloException">
      <![CDATA[com.codoid.products.exception.FilloException: Workbook is not found - D:\ChristianLouboutin/resources/front/Automation_DS_StagingEnv1.xlsx
	at com.codoid.products.fillo.Fillo.getConnection(Fillo.java:46)
	at src.in.valtech.util.ExcelReader.getDataConfigDetails(ExcelReader.java:200)
	at src.in.valtech.custom.CustomFun.getTestDataSetDetails(CustomFun.java:1869)
	at src.in.valtech.config.BaseTest.setUp(BaseTest.java:166)
	at java.base/jdk.internal.reflect.NativeMethodAccessorImpl.invoke0(Native Method)
	at java.base/jdk.internal.reflect.NativeMethodAccessorImpl.invoke(NativeMethodAccessorImpl.java:77)
	at java.base/jdk.internal.reflect.DelegatingMethodAccessorImpl.invoke(DelegatingMethodAccessorImpl.java:43)
	at java.base/java.lang.reflect.Method.invoke(Method.java:568)
	at org.testng.internal.MethodInvocationHelper.invokeMethod(MethodInvocationHelper.java:85)
	at org.testng.internal.Invoker.invokeConfigurationMethod(Invoker.java:510)
	at org.testng.internal.Invoker.invokeConfigurations(Invoker.java:211)
	at org.testng.internal.Invoker.invokeConfigurations(Invoker.java:138)
	at org.testng.TestRunner.beforeRun(TestRunner.java:648)
	at org.testng.TestRunner.run(TestRunner.java:616)
	at org.testng.SuiteRunner.runTest(SuiteRunner.java:359)
	at org.testng.SuiteRunner.access$000(SuiteRunner.java:39)
	at org.testng.SuiteRunner$SuiteWorker.run(SuiteRunner.java:393)
	at org.testng.internal.thread.ThreadUtil$2.call(ThreadUtil.java:64)
	at java.base/java.util.concurrent.FutureTask.run(FutureTask.java:264)
	at java.base/java.util.concurrent.ThreadPoolExecutor.runWorker(ThreadPoolExecutor.java:1136)
	at java.base/java.util.concurrent.ThreadPoolExecutor$Worker.run(ThreadPoolExecutor.java:635)
	at java.base/java.lang.Thread.run(Thread.java:833)
]]>
    </error>
  </testcase> <!-- step127_EnteredBarcodeAndSearchForPacking -->
  <testcase classname="src.in.valtech.cl.scenarios.TC_Scenario_08" name="step188_ClickOrderstxtFromSalesIcon" time="0.000">
    <error message="Workbook is not found - D:\ChristianLouboutin/resources/front/Automation_DS_StagingEnv1.xlsx" type="com.codoid.products.exception.FilloException">
      <![CDATA[com.codoid.products.exception.FilloException: Workbook is not found - D:\ChristianLouboutin/resources/front/Automation_DS_StagingEnv1.xlsx
	at com.codoid.products.fillo.Fillo.getConnection(Fillo.java:46)
	at src.in.valtech.util.ExcelReader.getDataConfigDetails(ExcelReader.java:200)
	at src.in.valtech.custom.CustomFun.getTestDataSetDetails(CustomFun.java:1869)
	at src.in.valtech.config.BaseTest.setUp(BaseTest.java:166)
	at java.base/jdk.internal.reflect.NativeMethodAccessorImpl.invoke0(Native Method)
	at java.base/jdk.internal.reflect.NativeMethodAccessorImpl.invoke(NativeMethodAccessorImpl.java:77)
	at java.base/jdk.internal.reflect.DelegatingMethodAccessorImpl.invoke(DelegatingMethodAccessorImpl.java:43)
	at java.base/java.lang.reflect.Method.invoke(Method.java:568)
	at org.testng.internal.MethodInvocationHelper.invokeMethod(MethodInvocationHelper.java:85)
	at org.testng.internal.Invoker.invokeConfigurationMethod(Invoker.java:510)
	at org.testng.internal.Invoker.invokeConfigurations(Invoker.java:211)
	at org.testng.internal.Invoker.invokeConfigurations(Invoker.java:138)
	at org.testng.TestRunner.beforeRun(TestRunner.java:648)
	at org.testng.TestRunner.run(TestRunner.java:616)
	at org.testng.SuiteRunner.runTest(SuiteRunner.java:359)
	at org.testng.SuiteRunner.access$000(SuiteRunner.java:39)
	at org.testng.SuiteRunner$SuiteWorker.run(SuiteRunner.java:393)
	at org.testng.internal.thread.ThreadUtil$2.call(ThreadUtil.java:64)
	at java.base/java.util.concurrent.FutureTask.run(FutureTask.java:264)
	at java.base/java.util.concurrent.ThreadPoolExecutor.runWorker(ThreadPoolExecutor.java:1136)
	at java.base/java.util.concurrent.ThreadPoolExecutor$Worker.run(ThreadPoolExecutor.java:635)
	at java.base/java.lang.Thread.run(Thread.java:833)
]]>
    </error>
  </testcase> <!-- step188_ClickOrderstxtFromSalesIcon -->
</testsuite> <!-- src.in.valtech.cl.scenarios.TC_Scenario_08 -->
